[0.007s] Invoking command in '/home/andrea/Climb_ros2/cl_arganello_interface/build/cl_arganello_interface': /usr/bin/cmake /home/andrea/Climb_ros2/cl_arganello_interface -DCMAKE_INSTALL_PREFIX=/home/andrea/Climb_ros2/cl_arganello_interface/install/cl_arganello_interface
[0.181s] -- The C compiler identification is GNU 9.4.0
[0.311s] -- The CXX compiler identification is GNU 9.4.0
[0.316s] -- Check for working C compiler: /usr/bin/cc
[0.361s] -- Check for working C compiler: /usr/bin/cc -- works
[0.362s] -- Detecting C compiler ABI info
[0.412s] -- Detecting C compiler ABI info - done
[0.423s] -- Detecting C compile features
[0.423s] -- Detecting C compile features - done
[0.426s] -- Check for working CXX compiler: /usr/bin/c++
[0.480s] -- Check for working CXX compiler: /usr/bin/c++ -- works
[0.480s] -- Detecting CXX compiler ABI info
[0.535s] -- Detecting CXX compiler ABI info - done
[0.542s] -- Detecting CXX compile features
[0.542s] -- Detecting CXX compile features - done
[0.551s] CMake Error at CMakeLists.txt:9 (find_package):
[0.551s]   By not providing "Findament_cmake.cmake" in CMAKE_MODULE_PATH this project
[0.551s]   has asked CMake to find a package configuration file provided by
[0.551s]   "ament_cmake", but CMake did not find one.
[0.551s] 
[0.551s]   Could not find a package configuration file provided by "ament_cmake" with
[0.551s]   any of the following names:
[0.551s] 
[0.552s]     ament_cmakeConfig.cmake
[0.552s]     ament_cmake-config.cmake
[0.552s] 
[0.552s]   Add the installation prefix of "ament_cmake" to CMAKE_PREFIX_PATH or set
[0.552s]   "ament_cmake_DIR" to a directory containing one of the above files.  If
[0.552s]   "ament_cmake" provides a separate development package or SDK, be sure it
[0.552s]   has been installed.
[0.552s] 
[0.552s] 
[0.552s] -- Configuring incomplete, errors occurred!
[0.552s] See also "/home/andrea/Climb_ros2/cl_arganello_interface/build/cl_arganello_interface/CMakeFiles/CMakeOutput.log".
[0.553s] Invoked command in '/home/andrea/Climb_ros2/cl_arganello_interface/build/cl_arganello_interface' returned '1': /usr/bin/cmake /home/andrea/Climb_ros2/cl_arganello_interface -DCMAKE_INSTALL_PREFIX=/home/andrea/Climb_ros2/cl_arganello_interface/install/cl_arganello_interface
