-- Found ament_cmake: 1.3.14 (/home/andrea/ros2_humble/install/ament_cmake/share/ament_cmake/cmake)
-- Found Python3: /usr/bin/python3 (found version "3.8.10") found components: Interpreter 
-- Found rclpy: 3.3.21 (/home/andrea/ros2_humble/install/rclpy/share/rclpy/cmake)
-- Found std_msgs: 4.9.1 (/home/andrea/ros2_humble/install/std_msgs/share/std_msgs/cmake)
-- Found rosidl_generator_c: 3.1.8 (/home/andrea/ros2_humble/install/rosidl_generator_c/share/rosidl_generator_c/cmake)
-- Found rosidl_adapter: 3.1.8 (/home/andrea/ros2_humble/install/rosidl_adapter/share/rosidl_adapter/cmake)
-- Found rosidl_generator_cpp: 3.1.8 (/home/andrea/ros2_humble/install/rosidl_generator_cpp/share/rosidl_generator_cpp/cmake)
-- Using all available rosidl_typesupport_c: rosidl_typesupport_introspection_c;rosidl_typesupport_fastrtps_c
-- Using all available rosidl_typesupport_cpp: rosidl_typesupport_introspection_cpp;rosidl_typesupport_fastrtps_cpp
-- Found tf2_ros: 0.25.20 (/home/andrea/ros2_humble/install/tf2_ros/share/tf2_ros/cmake)
-- Found rmw_implementation_cmake: 6.1.2 (/home/andrea/ros2_humble/install/rmw_implementation_cmake/share/rmw_implementation_cmake/cmake)
-- Found rmw_fastrtps_cpp: 6.2.10 (/home/andrea/ros2_humble/install/rmw_fastrtps_cpp/share/rmw_fastrtps_cpp/cmake)
-- Found OpenSSL: /usr/lib/x86_64-linux-gnu/libcrypto.so (found version "1.1.1f")  
-- Found FastRTPS: /home/andrea/ros2_humble/install/fastrtps/include  
-- Using RMW implementation 'rmw_fastrtps_cpp' as default
-- Looking for pthread.h
-- Looking for pthread.h - found
-- Performing Test CMAKE_HAVE_LIBC_PTHREAD
-- Performing Test CMAKE_HAVE_LIBC_PTHREAD - Failed
-- Looking for pthread_create in pthreads
-- Looking for pthread_create in pthreads - not found
-- Looking for pthread_create in pthread
-- Looking for pthread_create in pthread - found
-- Found Threads: TRUE  
-- Found rosidl_default_generators: 1.2.1 (/home/andrea/ros2_humble/install/rosidl_default_generators/share/rosidl_default_generators/cmake)
-- Found ament_cmake_ros: 0.10.0 (/home/andrea/ros2_humble/install/ament_cmake_ros/share/ament_cmake_ros/cmake)
-- Using all available rosidl_typesupport_c: rosidl_typesupport_introspection_c;rosidl_typesupport_fastrtps_c
-- Using all available rosidl_typesupport_cpp: rosidl_typesupport_introspection_cpp;rosidl_typesupport_fastrtps_cpp
-- Found PythonInterp: /usr/bin/python3 (found suitable version "3.8.10", minimum required is "3.6") 
-- Found python_cmake_module: 0.10.0 (/home/andrea/ros2_humble/install/python_cmake_module/share/python_cmake_module/cmake)
-- Found PythonLibs: /usr/lib/x86_64-linux-gnu/libpython3.8.so (found suitable version "3.8.10", minimum required is "3.5") 
-- Using PYTHON_EXECUTABLE: /usr/bin/python3
-- Using PYTHON_INCLUDE_DIRS: /usr/include/python3.8
-- Using PYTHON_LIBRARIES: /usr/lib/x86_64-linux-gnu/libpython3.8.so
-- Found PythonExtra: .so  
-- Configuring done
-- Generating done
-- Build files have been written to: /home/andrea/Climb_ros2/cl_arganello_interface/build/cl_arganello_interface
[35m[1mScanning dependencies of target cl_arganello_interface__rs[0m
[35m[1mScanning dependencies of target ament_cmake_python_copy_cl_arganello_interface[0m
[35m[1mScanning dependencies of target cl_arganello_interface__cpp[0m
[  1%] [34m[1mGenerating C code for ROS interfaces[0m
[  3%] [34m[1mGenerating Rust code for ROS interfaces[0m
[  4%] [34m[1mGenerating C++ code for ROS interfaces[0m
[  4%] Built target ament_cmake_python_copy_cl_arganello_interface
[35m[1mScanning dependencies of target ament_cmake_python_build_cl_arganello_interface_egg[0m
running egg_info
creating cl_arganello_interface.egg-info
writing cl_arganello_interface.egg-info/PKG-INFO
writing dependency_links to cl_arganello_interface.egg-info/dependency_links.txt
writing top-level names to cl_arganello_interface.egg-info/top_level.txt
writing manifest file 'cl_arganello_interface.egg-info/SOURCES.txt'
reading manifest file 'cl_arganello_interface.egg-info/SOURCES.txt'
writing manifest file 'cl_arganello_interface.egg-info/SOURCES.txt'
[  4%] Built target ament_cmake_python_build_cl_arganello_interface_egg
[  4%] Built target cl_arganello_interface__rs
[  4%] Built target cl_arganello_interface__cpp
[35m[1mScanning dependencies of target cl_arganello_interface__rosidl_generator_c[0m
[  9%] [34m[1mGenerating C++ type support dispatch for ROS interfaces[0m
[  9%] [34m[1mGenerating C++ introspection for ROS interfaces[0m
[  9%] [34m[1mGenerating C++ type support for eProsima Fast-RTPS[0m
[ 10%] [32mBuilding C object CMakeFiles/cl_arganello_interface__rosidl_generator_c.dir/rosidl_generator_c/cl_arganello_interface/srv/detail/rope_control_mode__functions.c.o[0m
[ 12%] [32mBuilding C object CMakeFiles/cl_arganello_interface__rosidl_generator_c.dir/rosidl_generator_c/cl_arganello_interface/msg/detail/rope_telemetry__functions.c.o[0m
[ 14%] [32mBuilding C object CMakeFiles/cl_arganello_interface__rosidl_generator_c.dir/rosidl_generator_c/cl_arganello_interface/msg/detail/imus__functions.c.o[0m
[ 15%] [32mBuilding C object CMakeFiles/cl_arganello_interface__rosidl_generator_c.dir/rosidl_generator_c/cl_arganello_interface/msg/detail/debug_message__functions.c.o[0m
[ 17%] [32mBuilding C object CMakeFiles/cl_arganello_interface__rosidl_generator_c.dir/rosidl_generator_c/cl_arganello_interface/msg/detail/rope_command__functions.c.o[0m
[ 18%] [32m[1mLinking C shared library libcl_arganello_interface__rosidl_generator_c.so[0m
[ 18%] Built target cl_arganello_interface__rosidl_generator_c
[ 20%] [34m[1mGenerating C type support dispatch for ROS interfaces[0m
[ 23%] [34m[1mGenerating C type support for eProsima Fast-RTPS[0m
[ 23%] [34m[1mGenerating C introspection for ROS interfaces[0m
[35m[1mScanning dependencies of target cl_arganello_interface__rosidl_typesupport_introspection_cpp[0m
[ 25%] [32mBuilding CXX object CMakeFiles/cl_arganello_interface__rosidl_typesupport_introspection_cpp.dir/rosidl_typesupport_introspection_cpp/cl_arganello_interface/msg/detail/rope_telemetry__type_support.cpp.o[0m
[ 26%] [32mBuilding CXX object CMakeFiles/cl_arganello_interface__rosidl_typesupport_introspection_cpp.dir/rosidl_typesupport_introspection_cpp/cl_arganello_interface/msg/detail/rope_command__type_support.cpp.o[0m
[ 28%] [32mBuilding CXX object CMakeFiles/cl_arganello_interface__rosidl_typesupport_introspection_cpp.dir/rosidl_typesupport_introspection_cpp/cl_arganello_interface/srv/detail/rope_control_mode__type_support.cpp.o[0m
[35m[1mScanning dependencies of target cl_arganello_interface__rosidl_typesupport_fastrtps_c[0m
[ 29%] [32mBuilding CXX object CMakeFiles/cl_arganello_interface__rosidl_typesupport_fastrtps_c.dir/rosidl_typesupport_fastrtps_c/cl_arganello_interface/srv/detail/rope_control_mode__type_support_c.cpp.o[0m
[35m[1mScanning dependencies of target cl_arganello_interface__rosidl_typesupport_cpp[0m
[ 31%] [32mBuilding CXX object CMakeFiles/cl_arganello_interface__rosidl_typesupport_cpp.dir/rosidl_typesupport_cpp/cl_arganello_interface/srv/rope_control_mode__type_support.cpp.o[0m
[ 32%] [32mBuilding CXX object CMakeFiles/cl_arganello_interface__rosidl_typesupport_fastrtps_c.dir/rosidl_typesupport_fastrtps_c/cl_arganello_interface/msg/detail/rope_command__type_support_c.cpp.o[0m
[ 35%] [32mBuilding CXX object CMakeFiles/cl_arganello_interface__rosidl_typesupport_introspection_cpp.dir/rosidl_typesupport_introspection_cpp/cl_arganello_interface/msg/detail/debug_message__type_support.cpp.o[0m
[ 35%] [32mBuilding CXX object CMakeFiles/cl_arganello_interface__rosidl_typesupport_introspection_cpp.dir/rosidl_typesupport_introspection_cpp/cl_arganello_interface/msg/detail/imus__type_support.cpp.o[0m
[35m[1mScanning dependencies of target cl_arganello_interface__rosidl_typesupport_c[0m
[35m[1mScanning dependencies of target cl_arganello_interface__rosidl_typesupport_fastrtps_cpp[0m
[ 37%] [32mBuilding CXX object CMakeFiles/cl_arganello_interface__rosidl_typesupport_c.dir/rosidl_typesupport_c/cl_arganello_interface/srv/rope_control_mode__type_support.cpp.o[0m
[ 39%] [32mBuilding CXX object CMakeFiles/cl_arganello_interface__rosidl_typesupport_fastrtps_cpp.dir/rosidl_typesupport_fastrtps_cpp/cl_arganello_interface/srv/detail/dds_fastrtps/rope_control_mode__type_support.cpp.o[0m
[ 40%] [32mBuilding CXX object CMakeFiles/cl_arganello_interface__rosidl_typesupport_c.dir/rosidl_typesupport_c/cl_arganello_interface/msg/rope_command__type_support.cpp.o[0m
[ 42%] [32mBuilding CXX object CMakeFiles/cl_arganello_interface__rosidl_typesupport_c.dir/rosidl_typesupport_c/cl_arganello_interface/msg/rope_telemetry__type_support.cpp.o[0m
[ 43%] [32mBuilding CXX object CMakeFiles/cl_arganello_interface__rosidl_typesupport_cpp.dir/rosidl_typesupport_cpp/cl_arganello_interface/msg/rope_command__type_support.cpp.o[0m
[ 45%] [32mBuilding CXX object CMakeFiles/cl_arganello_interface__rosidl_typesupport_c.dir/rosidl_typesupport_c/cl_arganello_interface/msg/debug_message__type_support.cpp.o[0m
[ 46%] [32mBuilding CXX object CMakeFiles/cl_arganello_interface__rosidl_typesupport_c.dir/rosidl_typesupport_c/cl_arganello_interface/msg/imus__type_support.cpp.o[0m
[ 48%] [32mBuilding CXX object CMakeFiles/cl_arganello_interface__rosidl_typesupport_fastrtps_c.dir/rosidl_typesupport_fastrtps_c/cl_arganello_interface/msg/detail/rope_telemetry__type_support_c.cpp.o[0m
[ 50%] [32mBuilding CXX object CMakeFiles/cl_arganello_interface__rosidl_typesupport_fastrtps_c.dir/rosidl_typesupport_fastrtps_c/cl_arganello_interface/msg/detail/debug_message__type_support_c.cpp.o[0m
[35m[1mScanning dependencies of target cl_arganello_interface__rosidl_typesupport_introspection_c[0m
[ 51%] [32m[1mLinking CXX shared library libcl_arganello_interface__rosidl_typesupport_c.so[0m
[ 53%] [32mBuilding C object CMakeFiles/cl_arganello_interface__rosidl_typesupport_introspection_c.dir/rosidl_typesupport_introspection_c/cl_arganello_interface/srv/detail/rope_control_mode__type_support.c.o[0m
[ 54%] [32m[1mLinking CXX shared library libcl_arganello_interface__rosidl_typesupport_introspection_cpp.so[0m
[ 56%] [32mBuilding C object CMakeFiles/cl_arganello_interface__rosidl_typesupport_introspection_c.dir/rosidl_typesupport_introspection_c/cl_arganello_interface/msg/detail/rope_command__type_support.c.o[0m
[ 56%] Built target cl_arganello_interface__rosidl_typesupport_c
[ 57%] [32mBuilding C object CMakeFiles/cl_arganello_interface__rosidl_typesupport_introspection_c.dir/rosidl_typesupport_introspection_c/cl_arganello_interface/msg/detail/rope_telemetry__type_support.c.o[0m
[ 59%] [32mBuilding C object CMakeFiles/cl_arganello_interface__rosidl_typesupport_introspection_c.dir/rosidl_typesupport_introspection_c/cl_arganello_interface/msg/detail/debug_message__type_support.c.o[0m
[ 60%] [32mBuilding C object CMakeFiles/cl_arganello_interface__rosidl_typesupport_introspection_c.dir/rosidl_typesupport_introspection_c/cl_arganello_interface/msg/detail/imus__type_support.c.o[0m
[ 62%] [32mBuilding CXX object CMakeFiles/cl_arganello_interface__rosidl_typesupport_fastrtps_c.dir/rosidl_typesupport_fastrtps_c/cl_arganello_interface/msg/detail/imus__type_support_c.cpp.o[0m
[ 64%] [32mBuilding CXX object CMakeFiles/cl_arganello_interface__rosidl_typesupport_cpp.dir/rosidl_typesupport_cpp/cl_arganello_interface/msg/rope_telemetry__type_support.cpp.o[0m
[ 64%] Built target cl_arganello_interface__rosidl_typesupport_introspection_cpp
[ 65%] [32mBuilding CXX object CMakeFiles/cl_arganello_interface__rosidl_typesupport_fastrtps_cpp.dir/rosidl_typesupport_fastrtps_cpp/cl_arganello_interface/msg/detail/dds_fastrtps/rope_command__type_support.cpp.o[0m
[ 67%] [32m[1mLinking C shared library libcl_arganello_interface__rosidl_typesupport_introspection_c.so[0m
[ 68%] [32mBuilding CXX object CMakeFiles/cl_arganello_interface__rosidl_typesupport_cpp.dir/rosidl_typesupport_cpp/cl_arganello_interface/msg/debug_message__type_support.cpp.o[0m
[ 70%] [32mBuilding CXX object CMakeFiles/cl_arganello_interface__rosidl_typesupport_fastrtps_cpp.dir/rosidl_typesupport_fastrtps_cpp/cl_arganello_interface/msg/detail/dds_fastrtps/rope_telemetry__type_support.cpp.o[0m
[ 70%] Built target cl_arganello_interface__rosidl_typesupport_introspection_c
[ 71%] [32mBuilding CXX object CMakeFiles/cl_arganello_interface__rosidl_typesupport_fastrtps_cpp.dir/rosidl_typesupport_fastrtps_cpp/cl_arganello_interface/msg/detail/dds_fastrtps/debug_message__type_support.cpp.o[0m
[ 73%] [32mBuilding CXX object CMakeFiles/cl_arganello_interface__rosidl_typesupport_fastrtps_cpp.dir/rosidl_typesupport_fastrtps_cpp/cl_arganello_interface/msg/detail/dds_fastrtps/imus__type_support.cpp.o[0m
[ 75%] [32mBuilding CXX object CMakeFiles/cl_arganello_interface__rosidl_typesupport_cpp.dir/rosidl_typesupport_cpp/cl_arganello_interface/msg/imus__type_support.cpp.o[0m
[ 76%] [32m[1mLinking CXX shared library libcl_arganello_interface__rosidl_typesupport_fastrtps_c.so[0m
[ 76%] Built target cl_arganello_interface__rosidl_typesupport_fastrtps_c
[ 78%] [32m[1mLinking CXX shared library libcl_arganello_interface__rosidl_typesupport_cpp.so[0m
[ 79%] [32m[1mLinking CXX shared library libcl_arganello_interface__rosidl_typesupport_fastrtps_cpp.so[0m
[ 79%] Built target cl_arganello_interface__rosidl_typesupport_cpp
[ 79%] Built target cl_arganello_interface__rosidl_typesupport_fastrtps_cpp
[35m[1mScanning dependencies of target cl_arganello_interface[0m
[ 79%] Built target cl_arganello_interface
[35m[1mScanning dependencies of target cl_arganello_interface__py[0m
[ 81%] [34m[1mGenerating Python code for ROS interfaces[0m
[ 81%] Built target cl_arganello_interface__py
[35m[1mScanning dependencies of target cl_arganello_interface__rosidl_generator_py[0m
[ 82%] [32mBuilding C object CMakeFiles/cl_arganello_interface__rosidl_generator_py.dir/rosidl_generator_py/cl_arganello_interface/msg/_rope_command_s.c.o[0m
[ 85%] [32mBuilding C object CMakeFiles/cl_arganello_interface__rosidl_generator_py.dir/rosidl_generator_py/cl_arganello_interface/msg/_debug_message_s.c.o[0m
[ 85%] [32mBuilding C object CMakeFiles/cl_arganello_interface__rosidl_generator_py.dir/rosidl_generator_py/cl_arganello_interface/msg/_imus_s.c.o[0m
[ 89%] [32mBuilding C object CMakeFiles/cl_arganello_interface__rosidl_generator_py.dir/rosidl_generator_py/cl_arganello_interface/srv/_rope_control_mode_s.c.o[0m
[ 89%] [32mBuilding C object CMakeFiles/cl_arganello_interface__rosidl_generator_py.dir/rosidl_generator_py/cl_arganello_interface/msg/_rope_telemetry_s.c.o[0m
[ 90%] [32m[1mLinking C shared library rosidl_generator_py/cl_arganello_interface/libcl_arganello_interface__rosidl_generator_py.so[0m
[ 90%] Built target cl_arganello_interface__rosidl_generator_py
[35m[1mScanning dependencies of target cl_arganello_interface__rosidl_typesupport_fastrtps_c__pyext[0m
[35m[1mScanning dependencies of target cl_arganello_interface__rosidl_typesupport_c__pyext[0m
[35m[1mScanning dependencies of target cl_arganello_interface__rosidl_typesupport_introspection_c__pyext[0m
[ 92%] [32mBuilding C object CMakeFiles/cl_arganello_interface__rosidl_typesupport_fastrtps_c__pyext.dir/rosidl_generator_py/cl_arganello_interface/_cl_arganello_interface_s.ep.rosidl_typesupport_fastrtps_c.c.o[0m
[ 93%] [32mBuilding C object CMakeFiles/cl_arganello_interface__rosidl_typesupport_c__pyext.dir/rosidl_generator_py/cl_arganello_interface/_cl_arganello_interface_s.ep.rosidl_typesupport_c.c.o[0m
[ 95%] [32mBuilding C object CMakeFiles/cl_arganello_interface__rosidl_typesupport_introspection_c__pyext.dir/rosidl_generator_py/cl_arganello_interface/_cl_arganello_interface_s.ep.rosidl_typesupport_introspection_c.c.o[0m
[100%] [32m[1mLinking C shared library rosidl_generator_py/cl_arganello_interface/cl_arganello_interface_s__rosidl_typesupport_introspection_c.cpython-38-x86_64-linux-gnu.so[0m
[100%] [32m[1mLinking C shared library rosidl_generator_py/cl_arganello_interface/cl_arganello_interface_s__rosidl_typesupport_c.cpython-38-x86_64-linux-gnu.so[0m
[100%] [32m[1mLinking C shared library rosidl_generator_py/cl_arganello_interface/cl_arganello_interface_s__rosidl_typesupport_fastrtps_c.cpython-38-x86_64-linux-gnu.so[0m
[100%] Built target cl_arganello_interface__rosidl_typesupport_c__pyext
[100%] Built target cl_arganello_interface__rosidl_typesupport_introspection_c__pyext
[100%] Built target cl_arganello_interface__rosidl_typesupport_fastrtps_c__pyext
-- Install configuration: ""
-- Installing: /home/andrea/Climb_ros2/cl_arganello_interface/install/cl_arganello_interface/share/ament_index/resource_index/rosidl_interfaces/cl_arganello_interface
-- Installing: /home/andrea/Climb_ros2/cl_arganello_interface/install/cl_arganello_interface/include/cl_arganello_interface/cl_arganello_interface
-- Installing: /home/andrea/Climb_ros2/cl_arganello_interface/install/cl_arganello_interface/include/cl_arganello_interface/cl_arganello_interface/srv
-- Installing: /home/andrea/Climb_ros2/cl_arganello_interface/install/cl_arganello_interface/include/cl_arganello_interface/cl_arganello_interface/srv/detail
-- Installing: /home/andrea/Climb_ros2/cl_arganello_interface/install/cl_arganello_interface/include/cl_arganello_interface/cl_arganello_interface/srv/detail/rope_control_mode__functions.c
-- Installing: /home/andrea/Climb_ros2/cl_arganello_interface/install/cl_arganello_interface/include/cl_arganello_interface/cl_arganello_interface/srv/detail/rope_control_mode__type_support.h
-- Installing: /home/andrea/Climb_ros2/cl_arganello_interface/install/cl_arganello_interface/include/cl_arganello_interface/cl_arganello_interface/srv/detail/rope_control_mode__struct.h
-- Installing: /home/andrea/Climb_ros2/cl_arganello_interface/install/cl_arganello_interface/include/cl_arganello_interface/cl_arganello_interface/srv/detail/rope_control_mode__functions.h
-- Installing: /home/andrea/Climb_ros2/cl_arganello_interface/install/cl_arganello_interface/include/cl_arganello_interface/cl_arganello_interface/srv/rope_control_mode.h
-- Installing: /home/andrea/Climb_ros2/cl_arganello_interface/install/cl_arganello_interface/include/cl_arganello_interface/cl_arganello_interface/msg
-- Installing: /home/andrea/Climb_ros2/cl_arganello_interface/install/cl_arganello_interface/include/cl_arganello_interface/cl_arganello_interface/msg/imus.h
-- Installing: /home/andrea/Climb_ros2/cl_arganello_interface/install/cl_arganello_interface/include/cl_arganello_interface/cl_arganello_interface/msg/rope_telemetry.h
-- Installing: /home/andrea/Climb_ros2/cl_arganello_interface/install/cl_arganello_interface/include/cl_arganello_interface/cl_arganello_interface/msg/rosidl_generator_c__visibility_control.h
-- Installing: /home/andrea/Climb_ros2/cl_arganello_interface/install/cl_arganello_interface/include/cl_arganello_interface/cl_arganello_interface/msg/debug_message.h
-- Installing: /home/andrea/Climb_ros2/cl_arganello_interface/install/cl_arganello_interface/include/cl_arganello_interface/cl_arganello_interface/msg/detail
-- Installing: /home/andrea/Climb_ros2/cl_arganello_interface/install/cl_arganello_interface/include/cl_arganello_interface/cl_arganello_interface/msg/detail/imus__functions.c
-- Installing: /home/andrea/Climb_ros2/cl_arganello_interface/install/cl_arganello_interface/include/cl_arganello_interface/cl_arganello_interface/msg/detail/imus__struct.h
-- Installing: /home/andrea/Climb_ros2/cl_arganello_interface/install/cl_arganello_interface/include/cl_arganello_interface/cl_arganello_interface/msg/detail/rope_telemetry__functions.c
-- Installing: /home/andrea/Climb_ros2/cl_arganello_interface/install/cl_arganello_interface/include/cl_arganello_interface/cl_arganello_interface/msg/detail/rope_command__type_support.h
-- Installing: /home/andrea/Climb_ros2/cl_arganello_interface/install/cl_arganello_interface/include/cl_arganello_interface/cl_arganello_interface/msg/detail/rope_command__functions.c
-- Installing: /home/andrea/Climb_ros2/cl_arganello_interface/install/cl_arganello_interface/include/cl_arganello_interface/cl_arganello_interface/msg/detail/rope_command__struct.h
-- Installing: /home/andrea/Climb_ros2/cl_arganello_interface/install/cl_arganello_interface/include/cl_arganello_interface/cl_arganello_interface/msg/detail/debug_message__type_support.h
-- Installing: /home/andrea/Climb_ros2/cl_arganello_interface/install/cl_arganello_interface/include/cl_arganello_interface/cl_arganello_interface/msg/detail/rope_command__functions.h
-- Installing: /home/andrea/Climb_ros2/cl_arganello_interface/install/cl_arganello_interface/include/cl_arganello_interface/cl_arganello_interface/msg/detail/debug_message__struct.h
-- Installing: /home/andrea/Climb_ros2/cl_arganello_interface/install/cl_arganello_interface/include/cl_arganello_interface/cl_arganello_interface/msg/detail/rope_telemetry__functions.h
-- Installing: /home/andrea/Climb_ros2/cl_arganello_interface/install/cl_arganello_interface/include/cl_arganello_interface/cl_arganello_interface/msg/detail/debug_message__functions.h
-- Installing: /home/andrea/Climb_ros2/cl_arganello_interface/install/cl_arganello_interface/include/cl_arganello_interface/cl_arganello_interface/msg/detail/imus__functions.h
-- Installing: /home/andrea/Climb_ros2/cl_arganello_interface/install/cl_arganello_interface/include/cl_arganello_interface/cl_arganello_interface/msg/detail/rope_telemetry__struct.h
-- Installing: /home/andrea/Climb_ros2/cl_arganello_interface/install/cl_arganello_interface/include/cl_arganello_interface/cl_arganello_interface/msg/detail/debug_message__functions.c
-- Installing: /home/andrea/Climb_ros2/cl_arganello_interface/install/cl_arganello_interface/include/cl_arganello_interface/cl_arganello_interface/msg/detail/rope_telemetry__type_support.h
-- Installing: /home/andrea/Climb_ros2/cl_arganello_interface/install/cl_arganello_interface/include/cl_arganello_interface/cl_arganello_interface/msg/detail/imus__type_support.h
-- Installing: /home/andrea/Climb_ros2/cl_arganello_interface/install/cl_arganello_interface/include/cl_arganello_interface/cl_arganello_interface/msg/rope_command.h
-- Installing: /home/andrea/Climb_ros2/cl_arganello_interface/install/cl_arganello_interface/share/cl_arganello_interface/environment/library_path.sh
-- Installing: /home/andrea/Climb_ros2/cl_arganello_interface/install/cl_arganello_interface/share/cl_arganello_interface/environment/library_path.dsv
-- Installing: /home/andrea/Climb_ros2/cl_arganello_interface/install/cl_arganello_interface/lib/libcl_arganello_interface__rosidl_generator_c.so
-- Set runtime path of "/home/andrea/Climb_ros2/cl_arganello_interface/install/cl_arganello_interface/lib/libcl_arganello_interface__rosidl_generator_c.so" to ""
-- Up-to-date: /home/andrea/Climb_ros2/cl_arganello_interface/install/cl_arganello_interface/include/cl_arganello_interface/cl_arganello_interface
-- Up-to-date: /home/andrea/Climb_ros2/cl_arganello_interface/install/cl_arganello_interface/include/cl_arganello_interface/cl_arganello_interface/srv
-- Up-to-date: /home/andrea/Climb_ros2/cl_arganello_interface/install/cl_arganello_interface/include/cl_arganello_interface/cl_arganello_interface/srv/detail
-- Installing: /home/andrea/Climb_ros2/cl_arganello_interface/install/cl_arganello_interface/include/cl_arganello_interface/cl_arganello_interface/srv/detail/rope_control_mode__rosidl_typesupport_fastrtps_c.h
-- Up-to-date: /home/andrea/Climb_ros2/cl_arganello_interface/install/cl_arganello_interface/include/cl_arganello_interface/cl_arganello_interface/msg
-- Installing: /home/andrea/Climb_ros2/cl_arganello_interface/install/cl_arganello_interface/include/cl_arganello_interface/cl_arganello_interface/msg/rosidl_typesupport_fastrtps_c__visibility_control.h
-- Up-to-date: /home/andrea/Climb_ros2/cl_arganello_interface/install/cl_arganello_interface/include/cl_arganello_interface/cl_arganello_interface/msg/detail
-- Installing: /home/andrea/Climb_ros2/cl_arganello_interface/install/cl_arganello_interface/include/cl_arganello_interface/cl_arganello_interface/msg/detail/rope_command__rosidl_typesupport_fastrtps_c.h
-- Installing: /home/andrea/Climb_ros2/cl_arganello_interface/install/cl_arganello_interface/include/cl_arganello_interface/cl_arganello_interface/msg/detail/debug_message__rosidl_typesupport_fastrtps_c.h
-- Installing: /home/andrea/Climb_ros2/cl_arganello_interface/install/cl_arganello_interface/include/cl_arganello_interface/cl_arganello_interface/msg/detail/rope_telemetry__rosidl_typesupport_fastrtps_c.h
-- Installing: /home/andrea/Climb_ros2/cl_arganello_interface/install/cl_arganello_interface/include/cl_arganello_interface/cl_arganello_interface/msg/detail/imus__rosidl_typesupport_fastrtps_c.h
-- Installing: /home/andrea/Climb_ros2/cl_arganello_interface/install/cl_arganello_interface/lib/libcl_arganello_interface__rosidl_typesupport_fastrtps_c.so
-- Set runtime path of "/home/andrea/Climb_ros2/cl_arganello_interface/install/cl_arganello_interface/lib/libcl_arganello_interface__rosidl_typesupport_fastrtps_c.so" to ""
-- Up-to-date: /home/andrea/Climb_ros2/cl_arganello_interface/install/cl_arganello_interface/include/cl_arganello_interface/cl_arganello_interface
-- Up-to-date: /home/andrea/Climb_ros2/cl_arganello_interface/install/cl_arganello_interface/include/cl_arganello_interface/cl_arganello_interface/srv
-- Installing: /home/andrea/Climb_ros2/cl_arganello_interface/install/cl_arganello_interface/include/cl_arganello_interface/cl_arganello_interface/srv/rope_control_mode.hpp
-- Up-to-date: /home/andrea/Climb_ros2/cl_arganello_interface/install/cl_arganello_interface/include/cl_arganello_interface/cl_arganello_interface/srv/detail
-- Installing: /home/andrea/Climb_ros2/cl_arganello_interface/install/cl_arganello_interface/include/cl_arganello_interface/cl_arganello_interface/srv/detail/rope_control_mode__type_support.hpp
-- Installing: /home/andrea/Climb_ros2/cl_arganello_interface/install/cl_arganello_interface/include/cl_arganello_interface/cl_arganello_interface/srv/detail/rope_control_mode__struct.hpp
-- Installing: /home/andrea/Climb_ros2/cl_arganello_interface/install/cl_arganello_interface/include/cl_arganello_interface/cl_arganello_interface/srv/detail/rope_control_mode__builder.hpp
-- Installing: /home/andrea/Climb_ros2/cl_arganello_interface/install/cl_arganello_interface/include/cl_arganello_interface/cl_arganello_interface/srv/detail/rope_control_mode__traits.hpp
-- Up-to-date: /home/andrea/Climb_ros2/cl_arganello_interface/install/cl_arganello_interface/include/cl_arganello_interface/cl_arganello_interface/msg
-- Installing: /home/andrea/Climb_ros2/cl_arganello_interface/install/cl_arganello_interface/include/cl_arganello_interface/cl_arganello_interface/msg/rosidl_generator_cpp__visibility_control.hpp
-- Installing: /home/andrea/Climb_ros2/cl_arganello_interface/install/cl_arganello_interface/include/cl_arganello_interface/cl_arganello_interface/msg/rope_command.hpp
-- Installing: /home/andrea/Climb_ros2/cl_arganello_interface/install/cl_arganello_interface/include/cl_arganello_interface/cl_arganello_interface/msg/rope_telemetry.hpp
-- Installing: /home/andrea/Climb_ros2/cl_arganello_interface/install/cl_arganello_interface/include/cl_arganello_interface/cl_arganello_interface/msg/debug_message.hpp
-- Up-to-date: /home/andrea/Climb_ros2/cl_arganello_interface/install/cl_arganello_interface/include/cl_arganello_interface/cl_arganello_interface/msg/detail
-- Installing: /home/andrea/Climb_ros2/cl_arganello_interface/install/cl_arganello_interface/include/cl_arganello_interface/cl_arganello_interface/msg/detail/debug_message__struct.hpp
-- Installing: /home/andrea/Climb_ros2/cl_arganello_interface/install/cl_arganello_interface/include/cl_arganello_interface/cl_arganello_interface/msg/detail/rope_command__traits.hpp
-- Installing: /home/andrea/Climb_ros2/cl_arganello_interface/install/cl_arganello_interface/include/cl_arganello_interface/cl_arganello_interface/msg/detail/imus__struct.hpp
-- Installing: /home/andrea/Climb_ros2/cl_arganello_interface/install/cl_arganello_interface/include/cl_arganello_interface/cl_arganello_interface/msg/detail/rope_telemetry__builder.hpp
-- Installing: /home/andrea/Climb_ros2/cl_arganello_interface/install/cl_arganello_interface/include/cl_arganello_interface/cl_arganello_interface/msg/detail/imus__builder.hpp
-- Installing: /home/andrea/Climb_ros2/cl_arganello_interface/install/cl_arganello_interface/include/cl_arganello_interface/cl_arganello_interface/msg/detail/imus__type_support.hpp
-- Installing: /home/andrea/Climb_ros2/cl_arganello_interface/install/cl_arganello_interface/include/cl_arganello_interface/cl_arganello_interface/msg/detail/rope_telemetry__type_support.hpp
-- Installing: /home/andrea/Climb_ros2/cl_arganello_interface/install/cl_arganello_interface/include/cl_arganello_interface/cl_arganello_interface/msg/detail/imus__traits.hpp
-- Installing: /home/andrea/Climb_ros2/cl_arganello_interface/install/cl_arganello_interface/include/cl_arganello_interface/cl_arganello_interface/msg/detail/rope_telemetry__traits.hpp
-- Installing: /home/andrea/Climb_ros2/cl_arganello_interface/install/cl_arganello_interface/include/cl_arganello_interface/cl_arganello_interface/msg/detail/debug_message__builder.hpp
-- Installing: /home/andrea/Climb_ros2/cl_arganello_interface/install/cl_arganello_interface/include/cl_arganello_interface/cl_arganello_interface/msg/detail/rope_command__struct.hpp
-- Installing: /home/andrea/Climb_ros2/cl_arganello_interface/install/cl_arganello_interface/include/cl_arganello_interface/cl_arganello_interface/msg/detail/debug_message__traits.hpp
-- Installing: /home/andrea/Climb_ros2/cl_arganello_interface/install/cl_arganello_interface/include/cl_arganello_interface/cl_arganello_interface/msg/detail/debug_message__type_support.hpp
-- Installing: /home/andrea/Climb_ros2/cl_arganello_interface/install/cl_arganello_interface/include/cl_arganello_interface/cl_arganello_interface/msg/detail/rope_command__builder.hpp
-- Installing: /home/andrea/Climb_ros2/cl_arganello_interface/install/cl_arganello_interface/include/cl_arganello_interface/cl_arganello_interface/msg/detail/rope_command__type_support.hpp
-- Installing: /home/andrea/Climb_ros2/cl_arganello_interface/install/cl_arganello_interface/include/cl_arganello_interface/cl_arganello_interface/msg/detail/rope_telemetry__struct.hpp
-- Installing: /home/andrea/Climb_ros2/cl_arganello_interface/install/cl_arganello_interface/include/cl_arganello_interface/cl_arganello_interface/msg/imus.hpp
-- Up-to-date: /home/andrea/Climb_ros2/cl_arganello_interface/install/cl_arganello_interface/include/cl_arganello_interface/cl_arganello_interface
-- Up-to-date: /home/andrea/Climb_ros2/cl_arganello_interface/install/cl_arganello_interface/include/cl_arganello_interface/cl_arganello_interface/srv
-- Up-to-date: /home/andrea/Climb_ros2/cl_arganello_interface/install/cl_arganello_interface/include/cl_arganello_interface/cl_arganello_interface/srv/detail
-- Installing: /home/andrea/Climb_ros2/cl_arganello_interface/install/cl_arganello_interface/include/cl_arganello_interface/cl_arganello_interface/srv/detail/rope_control_mode__rosidl_typesupport_fastrtps_cpp.hpp
-- Installing: /home/andrea/Climb_ros2/cl_arganello_interface/install/cl_arganello_interface/include/cl_arganello_interface/cl_arganello_interface/srv/detail/dds_fastrtps
-- Up-to-date: /home/andrea/Climb_ros2/cl_arganello_interface/install/cl_arganello_interface/include/cl_arganello_interface/cl_arganello_interface/msg
-- Up-to-date: /home/andrea/Climb_ros2/cl_arganello_interface/install/cl_arganello_interface/include/cl_arganello_interface/cl_arganello_interface/msg/detail
-- Installing: /home/andrea/Climb_ros2/cl_arganello_interface/install/cl_arganello_interface/include/cl_arganello_interface/cl_arganello_interface/msg/detail/rope_command__rosidl_typesupport_fastrtps_cpp.hpp
-- Installing: /home/andrea/Climb_ros2/cl_arganello_interface/install/cl_arganello_interface/include/cl_arganello_interface/cl_arganello_interface/msg/detail/rope_telemetry__rosidl_typesupport_fastrtps_cpp.hpp
-- Installing: /home/andrea/Climb_ros2/cl_arganello_interface/install/cl_arganello_interface/include/cl_arganello_interface/cl_arganello_interface/msg/detail/dds_fastrtps
-- Installing: /home/andrea/Climb_ros2/cl_arganello_interface/install/cl_arganello_interface/include/cl_arganello_interface/cl_arganello_interface/msg/detail/imus__rosidl_typesupport_fastrtps_cpp.hpp
-- Installing: /home/andrea/Climb_ros2/cl_arganello_interface/install/cl_arganello_interface/include/cl_arganello_interface/cl_arganello_interface/msg/detail/debug_message__rosidl_typesupport_fastrtps_cpp.hpp
-- Installing: /home/andrea/Climb_ros2/cl_arganello_interface/install/cl_arganello_interface/include/cl_arganello_interface/cl_arganello_interface/msg/rosidl_typesupport_fastrtps_cpp__visibility_control.h
-- Installing: /home/andrea/Climb_ros2/cl_arganello_interface/install/cl_arganello_interface/lib/libcl_arganello_interface__rosidl_typesupport_fastrtps_cpp.so
-- Set runtime path of "/home/andrea/Climb_ros2/cl_arganello_interface/install/cl_arganello_interface/lib/libcl_arganello_interface__rosidl_typesupport_fastrtps_cpp.so" to ""
-- Up-to-date: /home/andrea/Climb_ros2/cl_arganello_interface/install/cl_arganello_interface/include/cl_arganello_interface/cl_arganello_interface
-- Up-to-date: /home/andrea/Climb_ros2/cl_arganello_interface/install/cl_arganello_interface/include/cl_arganello_interface/cl_arganello_interface/srv
-- Up-to-date: /home/andrea/Climb_ros2/cl_arganello_interface/install/cl_arganello_interface/include/cl_arganello_interface/cl_arganello_interface/srv/detail
-- Installing: /home/andrea/Climb_ros2/cl_arganello_interface/install/cl_arganello_interface/include/cl_arganello_interface/cl_arganello_interface/srv/detail/rope_control_mode__type_support.c
-- Installing: /home/andrea/Climb_ros2/cl_arganello_interface/install/cl_arganello_interface/include/cl_arganello_interface/cl_arganello_interface/srv/detail/rope_control_mode__rosidl_typesupport_introspection_c.h
-- Up-to-date: /home/andrea/Climb_ros2/cl_arganello_interface/install/cl_arganello_interface/include/cl_arganello_interface/cl_arganello_interface/msg
-- Up-to-date: /home/andrea/Climb_ros2/cl_arganello_interface/install/cl_arganello_interface/include/cl_arganello_interface/cl_arganello_interface/msg/detail
-- Installing: /home/andrea/Climb_ros2/cl_arganello_interface/install/cl_arganello_interface/include/cl_arganello_interface/cl_arganello_interface/msg/detail/rope_telemetry__type_support.c
-- Installing: /home/andrea/Climb_ros2/cl_arganello_interface/install/cl_arganello_interface/include/cl_arganello_interface/cl_arganello_interface/msg/detail/imus__rosidl_typesupport_introspection_c.h
-- Installing: /home/andrea/Climb_ros2/cl_arganello_interface/install/cl_arganello_interface/include/cl_arganello_interface/cl_arganello_interface/msg/detail/debug_message__rosidl_typesupport_introspection_c.h
-- Installing: /home/andrea/Climb_ros2/cl_arganello_interface/install/cl_arganello_interface/include/cl_arganello_interface/cl_arganello_interface/msg/detail/debug_message__type_support.c
-- Installing: /home/andrea/Climb_ros2/cl_arganello_interface/install/cl_arganello_interface/include/cl_arganello_interface/cl_arganello_interface/msg/detail/rope_command__rosidl_typesupport_introspection_c.h
-- Installing: /home/andrea/Climb_ros2/cl_arganello_interface/install/cl_arganello_interface/include/cl_arganello_interface/cl_arganello_interface/msg/detail/rope_command__type_support.c
-- Installing: /home/andrea/Climb_ros2/cl_arganello_interface/install/cl_arganello_interface/include/cl_arganello_interface/cl_arganello_interface/msg/detail/imus__type_support.c
-- Installing: /home/andrea/Climb_ros2/cl_arganello_interface/install/cl_arganello_interface/include/cl_arganello_interface/cl_arganello_interface/msg/detail/rope_telemetry__rosidl_typesupport_introspection_c.h
-- Installing: /home/andrea/Climb_ros2/cl_arganello_interface/install/cl_arganello_interface/include/cl_arganello_interface/cl_arganello_interface/msg/rosidl_typesupport_introspection_c__visibility_control.h
-- Installing: /home/andrea/Climb_ros2/cl_arganello_interface/install/cl_arganello_interface/lib/libcl_arganello_interface__rosidl_typesupport_introspection_c.so
-- Set runtime path of "/home/andrea/Climb_ros2/cl_arganello_interface/install/cl_arganello_interface/lib/libcl_arganello_interface__rosidl_typesupport_introspection_c.so" to ""
-- Installing: /home/andrea/Climb_ros2/cl_arganello_interface/install/cl_arganello_interface/lib/libcl_arganello_interface__rosidl_typesupport_c.so
-- Set runtime path of "/home/andrea/Climb_ros2/cl_arganello_interface/install/cl_arganello_interface/lib/libcl_arganello_interface__rosidl_typesupport_c.so" to ""
-- Up-to-date: /home/andrea/Climb_ros2/cl_arganello_interface/install/cl_arganello_interface/include/cl_arganello_interface/cl_arganello_interface
-- Up-to-date: /home/andrea/Climb_ros2/cl_arganello_interface/install/cl_arganello_interface/include/cl_arganello_interface/cl_arganello_interface/srv
-- Up-to-date: /home/andrea/Climb_ros2/cl_arganello_interface/install/cl_arganello_interface/include/cl_arganello_interface/cl_arganello_interface/srv/detail
-- Installing: /home/andrea/Climb_ros2/cl_arganello_interface/install/cl_arganello_interface/include/cl_arganello_interface/cl_arganello_interface/srv/detail/rope_control_mode__rosidl_typesupport_introspection_cpp.hpp
-- Installing: /home/andrea/Climb_ros2/cl_arganello_interface/install/cl_arganello_interface/include/cl_arganello_interface/cl_arganello_interface/srv/detail/rope_control_mode__type_support.cpp
-- Up-to-date: /home/andrea/Climb_ros2/cl_arganello_interface/install/cl_arganello_interface/include/cl_arganello_interface/cl_arganello_interface/msg
-- Up-to-date: /home/andrea/Climb_ros2/cl_arganello_interface/install/cl_arganello_interface/include/cl_arganello_interface/cl_arganello_interface/msg/detail
-- Installing: /home/andrea/Climb_ros2/cl_arganello_interface/install/cl_arganello_interface/include/cl_arganello_interface/cl_arganello_interface/msg/detail/rope_command__type_support.cpp
-- Installing: /home/andrea/Climb_ros2/cl_arganello_interface/install/cl_arganello_interface/include/cl_arganello_interface/cl_arganello_interface/msg/detail/rope_telemetry__type_support.cpp
-- Installing: /home/andrea/Climb_ros2/cl_arganello_interface/install/cl_arganello_interface/include/cl_arganello_interface/cl_arganello_interface/msg/detail/rope_telemetry__rosidl_typesupport_introspection_cpp.hpp
-- Installing: /home/andrea/Climb_ros2/cl_arganello_interface/install/cl_arganello_interface/include/cl_arganello_interface/cl_arganello_interface/msg/detail/imus__type_support.cpp
-- Installing: /home/andrea/Climb_ros2/cl_arganello_interface/install/cl_arganello_interface/include/cl_arganello_interface/cl_arganello_interface/msg/detail/debug_message__rosidl_typesupport_introspection_cpp.hpp
-- Installing: /home/andrea/Climb_ros2/cl_arganello_interface/install/cl_arganello_interface/include/cl_arganello_interface/cl_arganello_interface/msg/detail/imus__rosidl_typesupport_introspection_cpp.hpp
-- Installing: /home/andrea/Climb_ros2/cl_arganello_interface/install/cl_arganello_interface/include/cl_arganello_interface/cl_arganello_interface/msg/detail/rope_command__rosidl_typesupport_introspection_cpp.hpp
-- Installing: /home/andrea/Climb_ros2/cl_arganello_interface/install/cl_arganello_interface/include/cl_arganello_interface/cl_arganello_interface/msg/detail/debug_message__type_support.cpp
-- Installing: /home/andrea/Climb_ros2/cl_arganello_interface/install/cl_arganello_interface/lib/libcl_arganello_interface__rosidl_typesupport_introspection_cpp.so
-- Set runtime path of "/home/andrea/Climb_ros2/cl_arganello_interface/install/cl_arganello_interface/lib/libcl_arganello_interface__rosidl_typesupport_introspection_cpp.so" to ""
-- Installing: /home/andrea/Climb_ros2/cl_arganello_interface/install/cl_arganello_interface/lib/libcl_arganello_interface__rosidl_typesupport_cpp.so
-- Set runtime path of "/home/andrea/Climb_ros2/cl_arganello_interface/install/cl_arganello_interface/lib/libcl_arganello_interface__rosidl_typesupport_cpp.so" to ""
-- Installing: /home/andrea/Climb_ros2/cl_arganello_interface/install/cl_arganello_interface/share/cl_arganello_interface/environment/pythonpath.sh
-- Installing: /home/andrea/Climb_ros2/cl_arganello_interface/install/cl_arganello_interface/share/cl_arganello_interface/environment/pythonpath.dsv
-- Installing: /home/andrea/Climb_ros2/cl_arganello_interface/install/cl_arganello_interface/lib/python3.8/site-packages/cl_arganello_interface-0.0.0-py3.8.egg-info
-- Installing: /home/andrea/Climb_ros2/cl_arganello_interface/install/cl_arganello_interface/lib/python3.8/site-packages/cl_arganello_interface-0.0.0-py3.8.egg-info/top_level.txt
-- Installing: /home/andrea/Climb_ros2/cl_arganello_interface/install/cl_arganello_interface/lib/python3.8/site-packages/cl_arganello_interface-0.0.0-py3.8.egg-info/SOURCES.txt
-- Installing: /home/andrea/Climb_ros2/cl_arganello_interface/install/cl_arganello_interface/lib/python3.8/site-packages/cl_arganello_interface-0.0.0-py3.8.egg-info/dependency_links.txt
-- Installing: /home/andrea/Climb_ros2/cl_arganello_interface/install/cl_arganello_interface/lib/python3.8/site-packages/cl_arganello_interface-0.0.0-py3.8.egg-info/PKG-INFO
-- Installing: /home/andrea/Climb_ros2/cl_arganello_interface/install/cl_arganello_interface/lib/python3.8/site-packages/cl_arganello_interface
-- Installing: /home/andrea/Climb_ros2/cl_arganello_interface/install/cl_arganello_interface/lib/python3.8/site-packages/cl_arganello_interface/cl_arganello_interface_s__rosidl_typesupport_c.cpython-38-x86_64-linux-gnu.so
-- Installing: /home/andrea/Climb_ros2/cl_arganello_interface/install/cl_arganello_interface/lib/python3.8/site-packages/cl_arganello_interface/_cl_arganello_interface_s.ep.rosidl_typesupport_fastrtps_c.c
-- Installing: /home/andrea/Climb_ros2/cl_arganello_interface/install/cl_arganello_interface/lib/python3.8/site-packages/cl_arganello_interface/libcl_arganello_interface__rosidl_generator_py.so
-- Installing: /home/andrea/Climb_ros2/cl_arganello_interface/install/cl_arganello_interface/lib/python3.8/site-packages/cl_arganello_interface/__init__.py
-- Installing: /home/andrea/Climb_ros2/cl_arganello_interface/install/cl_arganello_interface/lib/python3.8/site-packages/cl_arganello_interface/cl_arganello_interface_s__rosidl_typesupport_fastrtps_c.cpython-38-x86_64-linux-gnu.so
-- Installing: /home/andrea/Climb_ros2/cl_arganello_interface/install/cl_arganello_interface/lib/python3.8/site-packages/cl_arganello_interface/_cl_arganello_interface_s.ep.rosidl_typesupport_c.c
-- Installing: /home/andrea/Climb_ros2/cl_arganello_interface/install/cl_arganello_interface/lib/python3.8/site-packages/cl_arganello_interface/_cl_arganello_interface_s.ep.rosidl_typesupport_introspection_c.c
-- Installing: /home/andrea/Climb_ros2/cl_arganello_interface/install/cl_arganello_interface/lib/python3.8/site-packages/cl_arganello_interface/srv
-- Installing: /home/andrea/Climb_ros2/cl_arganello_interface/install/cl_arganello_interface/lib/python3.8/site-packages/cl_arganello_interface/srv/_rope_control_mode_s.c
-- Installing: /home/andrea/Climb_ros2/cl_arganello_interface/install/cl_arganello_interface/lib/python3.8/site-packages/cl_arganello_interface/srv/__init__.py
-- Installing: /home/andrea/Climb_ros2/cl_arganello_interface/install/cl_arganello_interface/lib/python3.8/site-packages/cl_arganello_interface/srv/_rope_control_mode.py
-- Installing: /home/andrea/Climb_ros2/cl_arganello_interface/install/cl_arganello_interface/lib/python3.8/site-packages/cl_arganello_interface/msg
-- Installing: /home/andrea/Climb_ros2/cl_arganello_interface/install/cl_arganello_interface/lib/python3.8/site-packages/cl_arganello_interface/msg/_rope_command.py
-- Installing: /home/andrea/Climb_ros2/cl_arganello_interface/install/cl_arganello_interface/lib/python3.8/site-packages/cl_arganello_interface/msg/_debug_message.py
-- Installing: /home/andrea/Climb_ros2/cl_arganello_interface/install/cl_arganello_interface/lib/python3.8/site-packages/cl_arganello_interface/msg/__init__.py
-- Installing: /home/andrea/Climb_ros2/cl_arganello_interface/install/cl_arganello_interface/lib/python3.8/site-packages/cl_arganello_interface/msg/_rope_command_s.c
-- Installing: /home/andrea/Climb_ros2/cl_arganello_interface/install/cl_arganello_interface/lib/python3.8/site-packages/cl_arganello_interface/msg/_debug_message_s.c
-- Installing: /home/andrea/Climb_ros2/cl_arganello_interface/install/cl_arganello_interface/lib/python3.8/site-packages/cl_arganello_interface/msg/_rope_telemetry_s.c
-- Installing: /home/andrea/Climb_ros2/cl_arganello_interface/install/cl_arganello_interface/lib/python3.8/site-packages/cl_arganello_interface/msg/_rope_telemetry.py
-- Installing: /home/andrea/Climb_ros2/cl_arganello_interface/install/cl_arganello_interface/lib/python3.8/site-packages/cl_arganello_interface/msg/_imus_s.c
-- Installing: /home/andrea/Climb_ros2/cl_arganello_interface/install/cl_arganello_interface/lib/python3.8/site-packages/cl_arganello_interface/msg/_imus.py
-- Installing: /home/andrea/Climb_ros2/cl_arganello_interface/install/cl_arganello_interface/lib/python3.8/site-packages/cl_arganello_interface/cl_arganello_interface_s__rosidl_typesupport_introspection_c.cpython-38-x86_64-linux-gnu.so
Listing '/home/andrea/Climb_ros2/cl_arganello_interface/install/cl_arganello_interface/lib/python3.8/site-packages/cl_arganello_interface'...
Compiling '/home/andrea/Climb_ros2/cl_arganello_interface/install/cl_arganello_interface/lib/python3.8/site-packages/cl_arganello_interface/__init__.py'...
Listing '/home/andrea/Climb_ros2/cl_arganello_interface/install/cl_arganello_interface/lib/python3.8/site-packages/cl_arganello_interface/msg'...
Compiling '/home/andrea/Climb_ros2/cl_arganello_interface/install/cl_arganello_interface/lib/python3.8/site-packages/cl_arganello_interface/msg/__init__.py'...
Compiling '/home/andrea/Climb_ros2/cl_arganello_interface/install/cl_arganello_interface/lib/python3.8/site-packages/cl_arganello_interface/msg/_debug_message.py'...
Compiling '/home/andrea/Climb_ros2/cl_arganello_interface/install/cl_arganello_interface/lib/python3.8/site-packages/cl_arganello_interface/msg/_imus.py'...
Compiling '/home/andrea/Climb_ros2/cl_arganello_interface/install/cl_arganello_interface/lib/python3.8/site-packages/cl_arganello_interface/msg/_rope_command.py'...
Compiling '/home/andrea/Climb_ros2/cl_arganello_interface/install/cl_arganello_interface/lib/python3.8/site-packages/cl_arganello_interface/msg/_rope_telemetry.py'...
Listing '/home/andrea/Climb_ros2/cl_arganello_interface/install/cl_arganello_interface/lib/python3.8/site-packages/cl_arganello_interface/srv'...
Compiling '/home/andrea/Climb_ros2/cl_arganello_interface/install/cl_arganello_interface/lib/python3.8/site-packages/cl_arganello_interface/srv/__init__.py'...
Compiling '/home/andrea/Climb_ros2/cl_arganello_interface/install/cl_arganello_interface/lib/python3.8/site-packages/cl_arganello_interface/srv/_rope_control_mode.py'...
-- Installing: /home/andrea/Climb_ros2/cl_arganello_interface/install/cl_arganello_interface/lib/python3.8/site-packages/cl_arganello_interface/cl_arganello_interface_s__rosidl_typesupport_introspection_c.cpython-38-x86_64-linux-gnu.so
-- Set runtime path of "/home/andrea/Climb_ros2/cl_arganello_interface/install/cl_arganello_interface/lib/python3.8/site-packages/cl_arganello_interface/cl_arganello_interface_s__rosidl_typesupport_introspection_c.cpython-38-x86_64-linux-gnu.so" to ""
-- Installing: /home/andrea/Climb_ros2/cl_arganello_interface/install/cl_arganello_interface/lib/python3.8/site-packages/cl_arganello_interface/cl_arganello_interface_s__rosidl_typesupport_fastrtps_c.cpython-38-x86_64-linux-gnu.so
-- Set runtime path of "/home/andrea/Climb_ros2/cl_arganello_interface/install/cl_arganello_interface/lib/python3.8/site-packages/cl_arganello_interface/cl_arganello_interface_s__rosidl_typesupport_fastrtps_c.cpython-38-x86_64-linux-gnu.so" to ""
-- Installing: /home/andrea/Climb_ros2/cl_arganello_interface/install/cl_arganello_interface/lib/python3.8/site-packages/cl_arganello_interface/cl_arganello_interface_s__rosidl_typesupport_c.cpython-38-x86_64-linux-gnu.so
-- Set runtime path of "/home/andrea/Climb_ros2/cl_arganello_interface/install/cl_arganello_interface/lib/python3.8/site-packages/cl_arganello_interface/cl_arganello_interface_s__rosidl_typesupport_c.cpython-38-x86_64-linux-gnu.so" to ""
-- Installing: /home/andrea/Climb_ros2/cl_arganello_interface/install/cl_arganello_interface/lib/libcl_arganello_interface__rosidl_generator_py.so
-- Set runtime path of "/home/andrea/Climb_ros2/cl_arganello_interface/install/cl_arganello_interface/lib/libcl_arganello_interface__rosidl_generator_py.so" to ""
-- Installing: /home/andrea/Climb_ros2/cl_arganello_interface/install/cl_arganello_interface/share/ament_index/resource_index/rust_packages/cl_arganello_interface
-- Installing: /home/andrea/Climb_ros2/cl_arganello_interface/install/cl_arganello_interface/share/cl_arganello_interface/rust
-- Installing: /home/andrea/Climb_ros2/cl_arganello_interface/install/cl_arganello_interface/share/cl_arganello_interface/rust/Cargo.toml
-- Installing: /home/andrea/Climb_ros2/cl_arganello_interface/install/cl_arganello_interface/share/cl_arganello_interface/rust/build.rs
-- Installing: /home/andrea/Climb_ros2/cl_arganello_interface/install/cl_arganello_interface/share/cl_arganello_interface/rust/src
-- Installing: /home/andrea/Climb_ros2/cl_arganello_interface/install/cl_arganello_interface/share/cl_arganello_interface/rust/src/lib.rs
-- Installing: /home/andrea/Climb_ros2/cl_arganello_interface/install/cl_arganello_interface/share/cl_arganello_interface/rust/src/srv.rs
-- Installing: /home/andrea/Climb_ros2/cl_arganello_interface/install/cl_arganello_interface/share/cl_arganello_interface/rust/src/srv
-- Installing: /home/andrea/Climb_ros2/cl_arganello_interface/install/cl_arganello_interface/share/cl_arganello_interface/rust/src/srv/rmw.rs
-- Installing: /home/andrea/Climb_ros2/cl_arganello_interface/install/cl_arganello_interface/share/cl_arganello_interface/rust/src/msg
-- Installing: /home/andrea/Climb_ros2/cl_arganello_interface/install/cl_arganello_interface/share/cl_arganello_interface/rust/src/msg/rmw.rs
-- Installing: /home/andrea/Climb_ros2/cl_arganello_interface/install/cl_arganello_interface/share/cl_arganello_interface/rust/src/msg.rs
-- Installing: /home/andrea/Climb_ros2/cl_arganello_interface/install/cl_arganello_interface/share/cl_arganello_interface/srv/RopeControlMode.idl
-- Installing: /home/andrea/Climb_ros2/cl_arganello_interface/install/cl_arganello_interface/share/cl_arganello_interface/msg/RopeCommand.idl
-- Installing: /home/andrea/Climb_ros2/cl_arganello_interface/install/cl_arganello_interface/share/cl_arganello_interface/msg/RopeTelemetry.idl
-- Installing: /home/andrea/Climb_ros2/cl_arganello_interface/install/cl_arganello_interface/share/cl_arganello_interface/msg/DebugMessage.idl
-- Installing: /home/andrea/Climb_ros2/cl_arganello_interface/install/cl_arganello_interface/share/cl_arganello_interface/msg/Imus.idl
-- Installing: /home/andrea/Climb_ros2/cl_arganello_interface/install/cl_arganello_interface/share/cl_arganello_interface/srv/RopeControlMode.srv
-- Installing: /home/andrea/Climb_ros2/cl_arganello_interface/install/cl_arganello_interface/share/cl_arganello_interface/srv/RopeControlMode_Request.msg
-- Installing: /home/andrea/Climb_ros2/cl_arganello_interface/install/cl_arganello_interface/share/cl_arganello_interface/srv/RopeControlMode_Response.msg
-- Installing: /home/andrea/Climb_ros2/cl_arganello_interface/install/cl_arganello_interface/share/cl_arganello_interface/msg/RopeCommand.msg
-- Installing: /home/andrea/Climb_ros2/cl_arganello_interface/install/cl_arganello_interface/share/cl_arganello_interface/msg/RopeTelemetry.msg
-- Installing: /home/andrea/Climb_ros2/cl_arganello_interface/install/cl_arganello_interface/share/cl_arganello_interface/msg/DebugMessage.msg
-- Installing: /home/andrea/Climb_ros2/cl_arganello_interface/install/cl_arganello_interface/share/cl_arganello_interface/msg/Imus.msg
-- Installing: /home/andrea/Climb_ros2/cl_arganello_interface/install/cl_arganello_interface/lib/cl_arganello_interface/dongle_node.py
-- Installing: /home/andrea/Climb_ros2/cl_arganello_interface/install/cl_arganello_interface/lib/cl_arganello_interface/friction_estimator.py
-- Installing: /home/andrea/Climb_ros2/cl_arganello_interface/install/cl_arganello_interface/lib/cl_arganello_interface/telemetry_node.py
-- Installing: /home/andrea/Climb_ros2/cl_arganello_interface/install/cl_arganello_interface/lib/cl_arganello_interface/jump.py
-- Installing: /home/andrea/Climb_ros2/cl_arganello_interface/install/cl_arganello_interface/lib/cl_arganello_interface/alpine_odometry_node.py
-- Installing: /home/andrea/Climb_ros2/cl_arganello_interface/install/cl_arganello_interface/share/cl_arganello_interface//launch
-- Installing: /home/andrea/Climb_ros2/cl_arganello_interface/install/cl_arganello_interface/share/cl_arganello_interface//launch/alpine_low_level_bringup.launch.py
-- Installing: /home/andrea/Climb_ros2/cl_arganello_interface/install/cl_arganello_interface/share/cl_arganello_interface//launch/interface_launch.py
-- Installing: /home/andrea/Climb_ros2/cl_arganello_interface/install/cl_arganello_interface/share/ament_index/resource_index/package_run_dependencies/cl_arganello_interface
-- Installing: /home/andrea/Climb_ros2/cl_arganello_interface/install/cl_arganello_interface/share/ament_index/resource_index/parent_prefix_path/cl_arganello_interface
-- Installing: /home/andrea/Climb_ros2/cl_arganello_interface/install/cl_arganello_interface/share/cl_arganello_interface/environment/ament_prefix_path.sh
-- Installing: /home/andrea/Climb_ros2/cl_arganello_interface/install/cl_arganello_interface/share/cl_arganello_interface/environment/ament_prefix_path.dsv
-- Installing: /home/andrea/Climb_ros2/cl_arganello_interface/install/cl_arganello_interface/share/cl_arganello_interface/environment/path.sh
-- Installing: /home/andrea/Climb_ros2/cl_arganello_interface/install/cl_arganello_interface/share/cl_arganello_interface/environment/path.dsv
-- Installing: /home/andrea/Climb_ros2/cl_arganello_interface/install/cl_arganello_interface/share/cl_arganello_interface/local_setup.bash
-- Installing: /home/andrea/Climb_ros2/cl_arganello_interface/install/cl_arganello_interface/share/cl_arganello_interface/local_setup.sh
-- Installing: /home/andrea/Climb_ros2/cl_arganello_interface/install/cl_arganello_interface/share/cl_arganello_interface/local_setup.zsh
-- Installing: /home/andrea/Climb_ros2/cl_arganello_interface/install/cl_arganello_interface/share/cl_arganello_interface/local_setup.dsv
-- Installing: /home/andrea/Climb_ros2/cl_arganello_interface/install/cl_arganello_interface/share/cl_arganello_interface/package.dsv
-- Installing: /home/andrea/Climb_ros2/cl_arganello_interface/install/cl_arganello_interface/share/ament_index/resource_index/packages/cl_arganello_interface
-- Installing: /home/andrea/Climb_ros2/cl_arganello_interface/install/cl_arganello_interface/share/cl_arganello_interface/cmake/export_cl_arganello_interface__rosidl_generator_cExport.cmake
-- Installing: /home/andrea/Climb_ros2/cl_arganello_interface/install/cl_arganello_interface/share/cl_arganello_interface/cmake/export_cl_arganello_interface__rosidl_generator_cExport-noconfig.cmake
-- Installing: /home/andrea/Climb_ros2/cl_arganello_interface/install/cl_arganello_interface/share/cl_arganello_interface/cmake/export_cl_arganello_interface__rosidl_typesupport_fastrtps_cExport.cmake
-- Installing: /home/andrea/Climb_ros2/cl_arganello_interface/install/cl_arganello_interface/share/cl_arganello_interface/cmake/export_cl_arganello_interface__rosidl_typesupport_fastrtps_cExport-noconfig.cmake
-- Installing: /home/andrea/Climb_ros2/cl_arganello_interface/install/cl_arganello_interface/share/cl_arganello_interface/cmake/export_cl_arganello_interface__rosidl_generator_cppExport.cmake
-- Installing: /home/andrea/Climb_ros2/cl_arganello_interface/install/cl_arganello_interface/share/cl_arganello_interface/cmake/export_cl_arganello_interface__rosidl_typesupport_fastrtps_cppExport.cmake
-- Installing: /home/andrea/Climb_ros2/cl_arganello_interface/install/cl_arganello_interface/share/cl_arganello_interface/cmake/export_cl_arganello_interface__rosidl_typesupport_fastrtps_cppExport-noconfig.cmake
-- Installing: /home/andrea/Climb_ros2/cl_arganello_interface/install/cl_arganello_interface/share/cl_arganello_interface/cmake/cl_arganello_interface__rosidl_typesupport_introspection_cExport.cmake
-- Installing: /home/andrea/Climb_ros2/cl_arganello_interface/install/cl_arganello_interface/share/cl_arganello_interface/cmake/cl_arganello_interface__rosidl_typesupport_introspection_cExport-noconfig.cmake
-- Installing: /home/andrea/Climb_ros2/cl_arganello_interface/install/cl_arganello_interface/share/cl_arganello_interface/cmake/cl_arganello_interface__rosidl_typesupport_cExport.cmake
-- Installing: /home/andrea/Climb_ros2/cl_arganello_interface/install/cl_arganello_interface/share/cl_arganello_interface/cmake/cl_arganello_interface__rosidl_typesupport_cExport-noconfig.cmake
-- Installing: /home/andrea/Climb_ros2/cl_arganello_interface/install/cl_arganello_interface/share/cl_arganello_interface/cmake/cl_arganello_interface__rosidl_typesupport_introspection_cppExport.cmake
-- Installing: /home/andrea/Climb_ros2/cl_arganello_interface/install/cl_arganello_interface/share/cl_arganello_interface/cmake/cl_arganello_interface__rosidl_typesupport_introspection_cppExport-noconfig.cmake
-- Installing: /home/andrea/Climb_ros2/cl_arganello_interface/install/cl_arganello_interface/share/cl_arganello_interface/cmake/cl_arganello_interface__rosidl_typesupport_cppExport.cmake
-- Installing: /home/andrea/Climb_ros2/cl_arganello_interface/install/cl_arganello_interface/share/cl_arganello_interface/cmake/cl_arganello_interface__rosidl_typesupport_cppExport-noconfig.cmake
-- Installing: /home/andrea/Climb_ros2/cl_arganello_interface/install/cl_arganello_interface/share/cl_arganello_interface/cmake/export_cl_arganello_interface__rosidl_generator_pyExport.cmake
-- Installing: /home/andrea/Climb_ros2/cl_arganello_interface/install/cl_arganello_interface/share/cl_arganello_interface/cmake/export_cl_arganello_interface__rosidl_generator_pyExport-noconfig.cmake
-- Installing: /home/andrea/Climb_ros2/cl_arganello_interface/install/cl_arganello_interface/share/cl_arganello_interface/cmake/rosidl_cmake-extras.cmake
-- Installing: /home/andrea/Climb_ros2/cl_arganello_interface/install/cl_arganello_interface/share/cl_arganello_interface/cmake/ament_cmake_export_dependencies-extras.cmake
-- Installing: /home/andrea/Climb_ros2/cl_arganello_interface/install/cl_arganello_interface/share/cl_arganello_interface/cmake/ament_cmake_export_include_directories-extras.cmake
-- Installing: /home/andrea/Climb_ros2/cl_arganello_interface/install/cl_arganello_interface/share/cl_arganello_interface/cmake/ament_cmake_export_libraries-extras.cmake
-- Installing: /home/andrea/Climb_ros2/cl_arganello_interface/install/cl_arganello_interface/share/cl_arganello_interface/cmake/ament_cmake_export_targets-extras.cmake
-- Installing: /home/andrea/Climb_ros2/cl_arganello_interface/install/cl_arganello_interface/share/cl_arganello_interface/cmake/rosidl_cmake_export_typesupport_targets-extras.cmake
-- Installing: /home/andrea/Climb_ros2/cl_arganello_interface/install/cl_arganello_interface/share/cl_arganello_interface/cmake/rosidl_cmake_export_typesupport_libraries-extras.cmake
-- Installing: /home/andrea/Climb_ros2/cl_arganello_interface/install/cl_arganello_interface/share/cl_arganello_interface/cmake/rosidl_cmake_aggregate_target-extras.cmake
-- Installing: /home/andrea/Climb_ros2/cl_arganello_interface/install/cl_arganello_interface/share/cl_arganello_interface/cmake/cl_arganello_interfaceConfig.cmake
-- Installing: /home/andrea/Climb_ros2/cl_arganello_interface/install/cl_arganello_interface/share/cl_arganello_interface/cmake/cl_arganello_interfaceConfig-version.cmake
-- Installing: /home/andrea/Climb_ros2/cl_arganello_interface/install/cl_arganello_interface/share/cl_arganello_interface/package.xml
