[0.024s] Invoking command in '/home/andrea/Climb_ros2/cl_arganello_interface/build/cl_arganello_interface': CMAKE_PREFIX_PATH=${CMAKE_PREFIX_PATH}:/home/andrea/ros2_humble/install/rqt_bag_plugins:/home/andrea/ros2_humble/install/rqt_bag:/home/andrea/ros2_humble/install/launch_testing_examples:/home/andrea/ros2_humble/install/ros2bag:/home/andrea/ros2_humble/install/tracetools_test:/home/andrea/ros2_humble/install/tracetools_launch:/home/andrea/ros2_humble/install/topic_monitor:/home/andrea/ros2_humble/install/tf2_tools:/home/andrea/ros2_humble/install/examples_tf2_py:/home/andrea/ros2_humble/install/tf2_ros_py:/home/andrea/ros2_humble/install/sros2:/home/andrea/ros2_humble/install/rqt_topic:/home/andrea/ros2_humble/install/rqt_srv:/home/andrea/ros2_humble/install/rqt_shell:/home/andrea/ros2_humble/install/rqt_service_caller:/home/andrea/ros2_humble/install/rqt_reconfigure:/home/andrea/ros2_humble/install/rqt_py_console:/home/andrea/ros2_humble/install/rqt_publisher:/home/andrea/ros2_humble/install/rqt_plot:/home/andrea/ros2_humble/install/rqt_action:/home/andrea/ros2_humble/install/rqt_msg:/home/andrea/ros2_humble/install/rqt_console:/home/andrea/ros2_humble/install/rqt:/home/andrea/ros2_humble/install/rqt_graph:/home/andrea/ros2_humble/install/rqt_gui_py:/home/andrea/ros2_humble/install/rqt_gui:/home/andrea/ros2_humble/install/ros2trace:/home/andrea/ros2_humble/install/ros2topic:/home/andrea/ros2_humble/install/ros2test:/home/andrea/ros2_humble/install/ros2component:/home/andrea/ros2_humble/install/ros2param:/home/andrea/ros2_humble/install/ros2lifecycle:/home/andrea/ros2_humble/install/ros2service:/home/andrea/ros2_humble/install/ros2run:/home/andrea/ros2_humble/install/ros2plugin:/home/andrea/ros2_humble/install/ros2launch:/home/andrea/ros2_humble/install/ros2pkg:/home/andrea/ros2_humble/install/ros2node:/home/andrea/ros2_humble/install/ros2multicast:/home/andrea/ros2_humble/install/ros2interface:/home/andrea/ros2_humble/install/ros2doctor:/home/andrea/ros2_humble/install/ros2action:/home/andrea/ros2_humble/install/ros2cli:/home/andrea/ros2_humble/install/quality_of_service_demo_py:/home/andrea/ros2_humble/install/lifecycle_py:/home/andrea/ros2_humble/install/launch_testing_ros:/home/andrea/ros2_humble/install/launch_ros:/home/andrea/ros2_humble/install/examples_rclpy_pointcloud_publisher:/home/andrea/ros2_humble/install/examples_rclpy_minimal_subscriber:/home/andrea/ros2_humble/install/examples_rclpy_minimal_service:/home/andrea/ros2_humble/install/examples_rclpy_minimal_publisher:/home/andrea/ros2_humble/install/examples_rclpy_minimal_client:/home/andrea/ros2_humble/install/examples_rclpy_minimal_action_server:/home/andrea/ros2_humble/install/examples_rclpy_minimal_action_client:/home/andrea/ros2_humble/install/examples_rclpy_guard_conditions:/home/andrea/ros2_humble/install/examples_rclpy_executors:/home/andrea/ros2_humble/install/demo_nodes_py:/home/andrea/ros2_humble/install/camera_info_manager_py:/home/andrea/ros2_humble/install/action_tutorials_py:/home/andrea/ros2_humble/install/ament_uncrustify:/home/andrea/ros2_humble/install/tracetools_trace:/home/andrea/ros2_humble/install/tracetools_read:/home/andrea/ros2_humble/install/test_tracetools_launch:/home/andrea/ros2_humble/install/test_launch_ros:/home/andrea/ros2_humble/install/sensor_msgs_py:/home/andrea/ros2_humble/install/rpyutils:/home/andrea/ros2_humble/install/rosidl_runtime_py:/home/andrea/ros2_humble/install/rosidl_cli:/home/andrea/ros2_humble/install/launch_pytest:/home/andrea/ros2_humble/install/launch_testing:/home/andrea/ros2_humble/install/launch_yaml:/home/andrea/ros2_humble/install/launch_xml:/home/andrea/ros2_humble/install/launch:/home/andrea/ros2_humble/install/osrf_pycommon:/home/andrea/ros2_humble/install/domain_coordinator:/home/andrea/ros2_humble/install/ament_xmllint:/home/andrea/ros2_humble/install/ament_pyflakes:/home/andrea/ros2_humble/install/ament_pycodestyle:/home/andrea/ros2_humble/install/ament_pep257:/home/andrea/ros2_humble/install/ament_pclint:/home/andrea/ros2_humble/install/ament_package:/home/andrea/ros2_humble/install/ament_mypy:/home/andrea/ros2_humble/install/ament_lint_cmake:/home/andrea/ros2_humble/install/ament_flake8:/home/andrea/ros2_humble/install/ament_copyright:/home/andrea/ros2_humble/install/ament_lint:/home/andrea/ros2_humble/install/ament_index_python:/home/andrea/ros2_humble/install/ament_cpplint:/home/andrea/ros2_humble/install/ament_cppcheck:/home/andrea/ros2_humble/install/ament_clang_tidy:/home/andrea/ros2_humble/install/ament_clang_format /usr/bin/cmake /home/andrea/Climb_ros2/cl_arganello_interface -DCMAKE_INSTALL_PREFIX=/home/andrea/Climb_ros2/cl_arganello_interface/install/cl_arganello_interface
[0.066s] -- Found ament_cmake: 1.3.14 (/home/andrea/ros2_humble/install/ament_cmake/share/ament_cmake/cmake)
[1.250s] -- Found Python3: /usr/bin/python3 (found version "3.8.10") found components: Interpreter 
[1.772s] -- Found rclpy: 3.3.21 (/home/andrea/ros2_humble/install/rclpy/share/rclpy/cmake)
[1.778s] -- Found std_msgs: 4.9.1 (/home/andrea/ros2_humble/install/std_msgs/share/std_msgs/cmake)
[1.894s] -- Found rosidl_generator_c: 3.1.8 (/home/andrea/ros2_humble/install/rosidl_generator_c/share/rosidl_generator_c/cmake)
[1.915s] -- Found rosidl_adapter: 3.1.8 (/home/andrea/ros2_humble/install/rosidl_adapter/share/rosidl_adapter/cmake)
[1.943s] -- Found rosidl_generator_cpp: 3.1.8 (/home/andrea/ros2_humble/install/rosidl_generator_cpp/share/rosidl_generator_cpp/cmake)
[2.004s] -- Using all available rosidl_typesupport_c: rosidl_typesupport_introspection_c;rosidl_typesupport_fastrtps_c
[2.067s] -- Using all available rosidl_typesupport_cpp: rosidl_typesupport_introspection_cpp;rosidl_typesupport_fastrtps_cpp
[2.141s] -- Found tf2_ros: 0.25.20 (/home/andrea/ros2_humble/install/tf2_ros/share/tf2_ros/cmake)
[2.328s] -- Found rmw_implementation_cmake: 6.1.2 (/home/andrea/ros2_humble/install/rmw_implementation_cmake/share/rmw_implementation_cmake/cmake)
[2.359s] -- Found rmw_fastrtps_cpp: 6.2.10 (/home/andrea/ros2_humble/install/rmw_fastrtps_cpp/share/rmw_fastrtps_cpp/cmake)
[2.629s] -- Found OpenSSL: /usr/lib/x86_64-linux-gnu/libcrypto.so (found version "1.1.1f")  
[2.674s] -- Found FastRTPS: /home/andrea/ros2_humble/install/fastrtps/include  
[2.761s] -- Using RMW implementation 'rmw_fastrtps_cpp' as default
[2.787s] -- Looking for pthread.h
[2.879s] -- Looking for pthread.h - found
[2.879s] -- Performing Test CMAKE_HAVE_LIBC_PTHREAD
[2.981s] -- Performing Test CMAKE_HAVE_LIBC_PTHREAD - Failed
[2.982s] -- Looking for pthread_create in pthreads
[3.068s] -- Looking for pthread_create in pthreads - not found
[3.068s] -- Looking for pthread_create in pthread
[3.176s] -- Looking for pthread_create in pthread - found
[3.177s] -- Found Threads: TRUE  
[3.366s] -- Found rosidl_default_generators: 1.2.1 (/home/andrea/ros2_humble/install/rosidl_default_generators/share/rosidl_default_generators/cmake)
[6.566s] -- Found ament_cmake_ros: 0.10.0 (/home/andrea/ros2_humble/install/ament_cmake_ros/share/ament_cmake_ros/cmake)
[12.826s] -- Using all available rosidl_typesupport_c: rosidl_typesupport_introspection_c;rosidl_typesupport_fastrtps_c
[15.343s] -- Using all available rosidl_typesupport_cpp: rosidl_typesupport_introspection_cpp;rosidl_typesupport_fastrtps_cpp
[15.662s] -- Found PythonInterp: /usr/bin/python3 (found suitable version "3.8.10", minimum required is "3.6") 
[15.674s] -- Found python_cmake_module: 0.10.0 (/home/andrea/ros2_humble/install/python_cmake_module/share/python_cmake_module/cmake)
[16.006s] -- Found PythonLibs: /usr/lib/x86_64-linux-gnu/libpython3.8.so (found suitable version "3.8.10", minimum required is "3.5") 
[16.007s] -- Using PYTHON_EXECUTABLE: /usr/bin/python3
[16.007s] -- Using PYTHON_INCLUDE_DIRS: /usr/include/python3.8
[16.007s] -- Using PYTHON_LIBRARIES: /usr/lib/x86_64-linux-gnu/libpython3.8.so
[16.319s] -- Found PythonExtra: .so  
[18.245s] -- Configuring done
[18.281s] -- Generating done
[18.290s] -- Build files have been written to: /home/andrea/Climb_ros2/cl_arganello_interface/build/cl_arganello_interface
[18.299s] Invoked command in '/home/andrea/Climb_ros2/cl_arganello_interface/build/cl_arganello_interface' returned '0': CMAKE_PREFIX_PATH=${CMAKE_PREFIX_PATH}:/home/andrea/ros2_humble/install/rqt_bag_plugins:/home/andrea/ros2_humble/install/rqt_bag:/home/andrea/ros2_humble/install/launch_testing_examples:/home/andrea/ros2_humble/install/ros2bag:/home/andrea/ros2_humble/install/tracetools_test:/home/andrea/ros2_humble/install/tracetools_launch:/home/andrea/ros2_humble/install/topic_monitor:/home/andrea/ros2_humble/install/tf2_tools:/home/andrea/ros2_humble/install/examples_tf2_py:/home/andrea/ros2_humble/install/tf2_ros_py:/home/andrea/ros2_humble/install/sros2:/home/andrea/ros2_humble/install/rqt_topic:/home/andrea/ros2_humble/install/rqt_srv:/home/andrea/ros2_humble/install/rqt_shell:/home/andrea/ros2_humble/install/rqt_service_caller:/home/andrea/ros2_humble/install/rqt_reconfigure:/home/andrea/ros2_humble/install/rqt_py_console:/home/andrea/ros2_humble/install/rqt_publisher:/home/andrea/ros2_humble/install/rqt_plot:/home/andrea/ros2_humble/install/rqt_action:/home/andrea/ros2_humble/install/rqt_msg:/home/andrea/ros2_humble/install/rqt_console:/home/andrea/ros2_humble/install/rqt:/home/andrea/ros2_humble/install/rqt_graph:/home/andrea/ros2_humble/install/rqt_gui_py:/home/andrea/ros2_humble/install/rqt_gui:/home/andrea/ros2_humble/install/ros2trace:/home/andrea/ros2_humble/install/ros2topic:/home/andrea/ros2_humble/install/ros2test:/home/andrea/ros2_humble/install/ros2component:/home/andrea/ros2_humble/install/ros2param:/home/andrea/ros2_humble/install/ros2lifecycle:/home/andrea/ros2_humble/install/ros2service:/home/andrea/ros2_humble/install/ros2run:/home/andrea/ros2_humble/install/ros2plugin:/home/andrea/ros2_humble/install/ros2launch:/home/andrea/ros2_humble/install/ros2pkg:/home/andrea/ros2_humble/install/ros2node:/home/andrea/ros2_humble/install/ros2multicast:/home/andrea/ros2_humble/install/ros2interface:/home/andrea/ros2_humble/install/ros2doctor:/home/andrea/ros2_humble/install/ros2action:/home/andrea/ros2_humble/install/ros2cli:/home/andrea/ros2_humble/install/quality_of_service_demo_py:/home/andrea/ros2_humble/install/lifecycle_py:/home/andrea/ros2_humble/install/launch_testing_ros:/home/andrea/ros2_humble/install/launch_ros:/home/andrea/ros2_humble/install/examples_rclpy_pointcloud_publisher:/home/andrea/ros2_humble/install/examples_rclpy_minimal_subscriber:/home/andrea/ros2_humble/install/examples_rclpy_minimal_service:/home/andrea/ros2_humble/install/examples_rclpy_minimal_publisher:/home/andrea/ros2_humble/install/examples_rclpy_minimal_client:/home/andrea/ros2_humble/install/examples_rclpy_minimal_action_server:/home/andrea/ros2_humble/install/examples_rclpy_minimal_action_client:/home/andrea/ros2_humble/install/examples_rclpy_guard_conditions:/home/andrea/ros2_humble/install/examples_rclpy_executors:/home/andrea/ros2_humble/install/demo_nodes_py:/home/andrea/ros2_humble/install/camera_info_manager_py:/home/andrea/ros2_humble/install/action_tutorials_py:/home/andrea/ros2_humble/install/ament_uncrustify:/home/andrea/ros2_humble/install/tracetools_trace:/home/andrea/ros2_humble/install/tracetools_read:/home/andrea/ros2_humble/install/test_tracetools_launch:/home/andrea/ros2_humble/install/test_launch_ros:/home/andrea/ros2_humble/install/sensor_msgs_py:/home/andrea/ros2_humble/install/rpyutils:/home/andrea/ros2_humble/install/rosidl_runtime_py:/home/andrea/ros2_humble/install/rosidl_cli:/home/andrea/ros2_humble/install/launch_pytest:/home/andrea/ros2_humble/install/launch_testing:/home/andrea/ros2_humble/install/launch_yaml:/home/andrea/ros2_humble/install/launch_xml:/home/andrea/ros2_humble/install/launch:/home/andrea/ros2_humble/install/osrf_pycommon:/home/andrea/ros2_humble/install/domain_coordinator:/home/andrea/ros2_humble/install/ament_xmllint:/home/andrea/ros2_humble/install/ament_pyflakes:/home/andrea/ros2_humble/install/ament_pycodestyle:/home/andrea/ros2_humble/install/ament_pep257:/home/andrea/ros2_humble/install/ament_pclint:/home/andrea/ros2_humble/install/ament_package:/home/andrea/ros2_humble/install/ament_mypy:/home/andrea/ros2_humble/install/ament_lint_cmake:/home/andrea/ros2_humble/install/ament_flake8:/home/andrea/ros2_humble/install/ament_copyright:/home/andrea/ros2_humble/install/ament_lint:/home/andrea/ros2_humble/install/ament_index_python:/home/andrea/ros2_humble/install/ament_cpplint:/home/andrea/ros2_humble/install/ament_cppcheck:/home/andrea/ros2_humble/install/ament_clang_tidy:/home/andrea/ros2_humble/install/ament_clang_format /usr/bin/cmake /home/andrea/Climb_ros2/cl_arganello_interface -DCMAKE_INSTALL_PREFIX=/home/andrea/Climb_ros2/cl_arganello_interface/install/cl_arganello_interface
[18.301s] Invoking command in '/home/andrea/Climb_ros2/cl_arganello_interface/build/cl_arganello_interface': CMAKE_PREFIX_PATH=${CMAKE_PREFIX_PATH}:/home/andrea/ros2_humble/install/rqt_bag_plugins:/home/andrea/ros2_humble/install/rqt_bag:/home/andrea/ros2_humble/install/launch_testing_examples:/home/andrea/ros2_humble/install/ros2bag:/home/andrea/ros2_humble/install/tracetools_test:/home/andrea/ros2_humble/install/tracetools_launch:/home/andrea/ros2_humble/install/topic_monitor:/home/andrea/ros2_humble/install/tf2_tools:/home/andrea/ros2_humble/install/examples_tf2_py:/home/andrea/ros2_humble/install/tf2_ros_py:/home/andrea/ros2_humble/install/sros2:/home/andrea/ros2_humble/install/rqt_topic:/home/andrea/ros2_humble/install/rqt_srv:/home/andrea/ros2_humble/install/rqt_shell:/home/andrea/ros2_humble/install/rqt_service_caller:/home/andrea/ros2_humble/install/rqt_reconfigure:/home/andrea/ros2_humble/install/rqt_py_console:/home/andrea/ros2_humble/install/rqt_publisher:/home/andrea/ros2_humble/install/rqt_plot:/home/andrea/ros2_humble/install/rqt_action:/home/andrea/ros2_humble/install/rqt_msg:/home/andrea/ros2_humble/install/rqt_console:/home/andrea/ros2_humble/install/rqt:/home/andrea/ros2_humble/install/rqt_graph:/home/andrea/ros2_humble/install/rqt_gui_py:/home/andrea/ros2_humble/install/rqt_gui:/home/andrea/ros2_humble/install/ros2trace:/home/andrea/ros2_humble/install/ros2topic:/home/andrea/ros2_humble/install/ros2test:/home/andrea/ros2_humble/install/ros2component:/home/andrea/ros2_humble/install/ros2param:/home/andrea/ros2_humble/install/ros2lifecycle:/home/andrea/ros2_humble/install/ros2service:/home/andrea/ros2_humble/install/ros2run:/home/andrea/ros2_humble/install/ros2plugin:/home/andrea/ros2_humble/install/ros2launch:/home/andrea/ros2_humble/install/ros2pkg:/home/andrea/ros2_humble/install/ros2node:/home/andrea/ros2_humble/install/ros2multicast:/home/andrea/ros2_humble/install/ros2interface:/home/andrea/ros2_humble/install/ros2doctor:/home/andrea/ros2_humble/install/ros2action:/home/andrea/ros2_humble/install/ros2cli:/home/andrea/ros2_humble/install/quality_of_service_demo_py:/home/andrea/ros2_humble/install/lifecycle_py:/home/andrea/ros2_humble/install/launch_testing_ros:/home/andrea/ros2_humble/install/launch_ros:/home/andrea/ros2_humble/install/examples_rclpy_pointcloud_publisher:/home/andrea/ros2_humble/install/examples_rclpy_minimal_subscriber:/home/andrea/ros2_humble/install/examples_rclpy_minimal_service:/home/andrea/ros2_humble/install/examples_rclpy_minimal_publisher:/home/andrea/ros2_humble/install/examples_rclpy_minimal_client:/home/andrea/ros2_humble/install/examples_rclpy_minimal_action_server:/home/andrea/ros2_humble/install/examples_rclpy_minimal_action_client:/home/andrea/ros2_humble/install/examples_rclpy_guard_conditions:/home/andrea/ros2_humble/install/examples_rclpy_executors:/home/andrea/ros2_humble/install/demo_nodes_py:/home/andrea/ros2_humble/install/camera_info_manager_py:/home/andrea/ros2_humble/install/action_tutorials_py:/home/andrea/ros2_humble/install/ament_uncrustify:/home/andrea/ros2_humble/install/tracetools_trace:/home/andrea/ros2_humble/install/tracetools_read:/home/andrea/ros2_humble/install/test_tracetools_launch:/home/andrea/ros2_humble/install/test_launch_ros:/home/andrea/ros2_humble/install/sensor_msgs_py:/home/andrea/ros2_humble/install/rpyutils:/home/andrea/ros2_humble/install/rosidl_runtime_py:/home/andrea/ros2_humble/install/rosidl_cli:/home/andrea/ros2_humble/install/launch_pytest:/home/andrea/ros2_humble/install/launch_testing:/home/andrea/ros2_humble/install/launch_yaml:/home/andrea/ros2_humble/install/launch_xml:/home/andrea/ros2_humble/install/launch:/home/andrea/ros2_humble/install/osrf_pycommon:/home/andrea/ros2_humble/install/domain_coordinator:/home/andrea/ros2_humble/install/ament_xmllint:/home/andrea/ros2_humble/install/ament_pyflakes:/home/andrea/ros2_humble/install/ament_pycodestyle:/home/andrea/ros2_humble/install/ament_pep257:/home/andrea/ros2_humble/install/ament_pclint:/home/andrea/ros2_humble/install/ament_package:/home/andrea/ros2_humble/install/ament_mypy:/home/andrea/ros2_humble/install/ament_lint_cmake:/home/andrea/ros2_humble/install/ament_flake8:/home/andrea/ros2_humble/install/ament_copyright:/home/andrea/ros2_humble/install/ament_lint:/home/andrea/ros2_humble/install/ament_index_python:/home/andrea/ros2_humble/install/ament_cpplint:/home/andrea/ros2_humble/install/ament_cppcheck:/home/andrea/ros2_humble/install/ament_clang_tidy:/home/andrea/ros2_humble/install/ament_clang_format /usr/bin/cmake --build /home/andrea/Climb_ros2/cl_arganello_interface/build/cl_arganello_interface -- -j8 -l8
[18.366s] [35m[1mScanning dependencies of target cl_arganello_interface__rs[0m
[18.366s] [35m[1mScanning dependencies of target ament_cmake_python_copy_cl_arganello_interface[0m
[18.372s] [35m[1mScanning dependencies of target cl_arganello_interface__cpp[0m
[18.372s] [  1%] [34m[1mGenerating C code for ROS interfaces[0m
[18.386s] [  3%] [34m[1mGenerating Rust code for ROS interfaces[0m
[18.393s] [  4%] [34m[1mGenerating C++ code for ROS interfaces[0m
[18.398s] [  4%] Built target ament_cmake_python_copy_cl_arganello_interface
[18.418s] [35m[1mScanning dependencies of target ament_cmake_python_build_cl_arganello_interface_egg[0m
[19.051s] running egg_info
[19.051s] creating cl_arganello_interface.egg-info
[19.051s] writing cl_arganello_interface.egg-info/PKG-INFO
[19.052s] writing dependency_links to cl_arganello_interface.egg-info/dependency_links.txt
[19.052s] writing top-level names to cl_arganello_interface.egg-info/top_level.txt
[19.052s] writing manifest file 'cl_arganello_interface.egg-info/SOURCES.txt'
[19.090s] reading manifest file 'cl_arganello_interface.egg-info/SOURCES.txt'
[19.090s] writing manifest file 'cl_arganello_interface.egg-info/SOURCES.txt'
[19.120s] [  4%] Built target ament_cmake_python_build_cl_arganello_interface_egg
[19.239s] [  4%] Built target cl_arganello_interface__rs
[19.483s] [  4%] Built target cl_arganello_interface__cpp
[19.489s] [35m[1mScanning dependencies of target cl_arganello_interface__rosidl_generator_c[0m
[19.504s] [  9%] [34m[1mGenerating C++ type support dispatch for ROS interfaces[0m
[19.504s] [  9%] [34m[1mGenerating C++ introspection for ROS interfaces[0m
[19.504s] [  9%] [34m[1mGenerating C++ type support for eProsima Fast-RTPS[0m
[19.530s] [ 10%] [32mBuilding C object CMakeFiles/cl_arganello_interface__rosidl_generator_c.dir/rosidl_generator_c/cl_arganello_interface/srv/detail/rope_control_mode__functions.c.o[0m
[19.532s] [ 12%] [32mBuilding C object CMakeFiles/cl_arganello_interface__rosidl_generator_c.dir/rosidl_generator_c/cl_arganello_interface/msg/detail/rope_telemetry__functions.c.o[0m
[19.532s] [ 14%] [32mBuilding C object CMakeFiles/cl_arganello_interface__rosidl_generator_c.dir/rosidl_generator_c/cl_arganello_interface/msg/detail/imus__functions.c.o[0m
[19.533s] [ 15%] [32mBuilding C object CMakeFiles/cl_arganello_interface__rosidl_generator_c.dir/rosidl_generator_c/cl_arganello_interface/msg/detail/debug_message__functions.c.o[0m
[19.534s] [ 17%] [32mBuilding C object CMakeFiles/cl_arganello_interface__rosidl_generator_c.dir/rosidl_generator_c/cl_arganello_interface/msg/detail/rope_command__functions.c.o[0m
[19.635s] [ 18%] [32m[1mLinking C shared library libcl_arganello_interface__rosidl_generator_c.so[0m
[19.693s] [ 18%] Built target cl_arganello_interface__rosidl_generator_c
[19.721s] [ 20%] [34m[1mGenerating C type support dispatch for ROS interfaces[0m
[19.730s] [ 23%] [34m[1mGenerating C type support for eProsima Fast-RTPS[0m
[19.730s] [ 23%] [34m[1mGenerating C introspection for ROS interfaces[0m
[20.599s] [35m[1mScanning dependencies of target cl_arganello_interface__rosidl_typesupport_introspection_cpp[0m
[20.647s] [ 25%] [32mBuilding CXX object CMakeFiles/cl_arganello_interface__rosidl_typesupport_introspection_cpp.dir/rosidl_typesupport_introspection_cpp/cl_arganello_interface/msg/detail/rope_telemetry__type_support.cpp.o[0m
[20.648s] [ 26%] [32mBuilding CXX object CMakeFiles/cl_arganello_interface__rosidl_typesupport_introspection_cpp.dir/rosidl_typesupport_introspection_cpp/cl_arganello_interface/msg/detail/rope_command__type_support.cpp.o[0m
[20.655s] [ 28%] [32mBuilding CXX object CMakeFiles/cl_arganello_interface__rosidl_typesupport_introspection_cpp.dir/rosidl_typesupport_introspection_cpp/cl_arganello_interface/srv/detail/rope_control_mode__type_support.cpp.o[0m
[21.078s] [35m[1mScanning dependencies of target cl_arganello_interface__rosidl_typesupport_fastrtps_c[0m
[21.157s] [ 29%] [32mBuilding CXX object CMakeFiles/cl_arganello_interface__rosidl_typesupport_fastrtps_c.dir/rosidl_typesupport_fastrtps_c/cl_arganello_interface/srv/detail/rope_control_mode__type_support_c.cpp.o[0m
[21.193s] [35m[1mScanning dependencies of target cl_arganello_interface__rosidl_typesupport_cpp[0m
[21.250s] [ 31%] [32mBuilding CXX object CMakeFiles/cl_arganello_interface__rosidl_typesupport_cpp.dir/rosidl_typesupport_cpp/cl_arganello_interface/srv/rope_control_mode__type_support.cpp.o[0m
[21.267s] [ 32%] [32mBuilding CXX object CMakeFiles/cl_arganello_interface__rosidl_typesupport_fastrtps_c.dir/rosidl_typesupport_fastrtps_c/cl_arganello_interface/msg/detail/rope_command__type_support_c.cpp.o[0m
[21.270s] [ 35%] [32mBuilding CXX object CMakeFiles/cl_arganello_interface__rosidl_typesupport_introspection_cpp.dir/rosidl_typesupport_introspection_cpp/cl_arganello_interface/msg/detail/debug_message__type_support.cpp.o[0m
[21.270s] [ 35%] [32mBuilding CXX object CMakeFiles/cl_arganello_interface__rosidl_typesupport_introspection_cpp.dir/rosidl_typesupport_introspection_cpp/cl_arganello_interface/msg/detail/imus__type_support.cpp.o[0m
[21.456s] [35m[1mScanning dependencies of target cl_arganello_interface__rosidl_typesupport_c[0m
[21.462s] [35m[1mScanning dependencies of target cl_arganello_interface__rosidl_typesupport_fastrtps_cpp[0m
[21.501s] [ 37%] [32mBuilding CXX object CMakeFiles/cl_arganello_interface__rosidl_typesupport_c.dir/rosidl_typesupport_c/cl_arganello_interface/srv/rope_control_mode__type_support.cpp.o[0m
[21.518s] [ 39%] [32mBuilding CXX object CMakeFiles/cl_arganello_interface__rosidl_typesupport_fastrtps_cpp.dir/rosidl_typesupport_fastrtps_cpp/cl_arganello_interface/srv/detail/dds_fastrtps/rope_control_mode__type_support.cpp.o[0m
[21.578s] [ 40%] [32mBuilding CXX object CMakeFiles/cl_arganello_interface__rosidl_typesupport_c.dir/rosidl_typesupport_c/cl_arganello_interface/msg/rope_command__type_support.cpp.o[0m
[21.655s] [ 42%] [32mBuilding CXX object CMakeFiles/cl_arganello_interface__rosidl_typesupport_c.dir/rosidl_typesupport_c/cl_arganello_interface/msg/rope_telemetry__type_support.cpp.o[0m
[21.690s] [ 43%] [32mBuilding CXX object CMakeFiles/cl_arganello_interface__rosidl_typesupport_cpp.dir/rosidl_typesupport_cpp/cl_arganello_interface/msg/rope_command__type_support.cpp.o[0m
[21.695s] [ 45%] [32mBuilding CXX object CMakeFiles/cl_arganello_interface__rosidl_typesupport_c.dir/rosidl_typesupport_c/cl_arganello_interface/msg/debug_message__type_support.cpp.o[0m
[21.730s] [ 46%] [32mBuilding CXX object CMakeFiles/cl_arganello_interface__rosidl_typesupport_c.dir/rosidl_typesupport_c/cl_arganello_interface/msg/imus__type_support.cpp.o[0m
[21.761s] [ 48%] [32mBuilding CXX object CMakeFiles/cl_arganello_interface__rosidl_typesupport_fastrtps_c.dir/rosidl_typesupport_fastrtps_c/cl_arganello_interface/msg/detail/rope_telemetry__type_support_c.cpp.o[0m
[21.783s] [ 50%] [32mBuilding CXX object CMakeFiles/cl_arganello_interface__rosidl_typesupport_fastrtps_c.dir/rosidl_typesupport_fastrtps_c/cl_arganello_interface/msg/detail/debug_message__type_support_c.cpp.o[0m
[21.785s] [35m[1mScanning dependencies of target cl_arganello_interface__rosidl_typesupport_introspection_c[0m
[21.809s] [ 51%] [32m[1mLinking CXX shared library libcl_arganello_interface__rosidl_typesupport_c.so[0m
[21.834s] [ 53%] [32mBuilding C object CMakeFiles/cl_arganello_interface__rosidl_typesupport_introspection_c.dir/rosidl_typesupport_introspection_c/cl_arganello_interface/srv/detail/rope_control_mode__type_support.c.o[0m
[21.880s] [ 54%] [32m[1mLinking CXX shared library libcl_arganello_interface__rosidl_typesupport_introspection_cpp.so[0m
[21.881s] [ 56%] [32mBuilding C object CMakeFiles/cl_arganello_interface__rosidl_typesupport_introspection_c.dir/rosidl_typesupport_introspection_c/cl_arganello_interface/msg/detail/rope_command__type_support.c.o[0m
[21.915s] [ 56%] Built target cl_arganello_interface__rosidl_typesupport_c
[21.917s] [ 57%] [32mBuilding C object CMakeFiles/cl_arganello_interface__rosidl_typesupport_introspection_c.dir/rosidl_typesupport_introspection_c/cl_arganello_interface/msg/detail/rope_telemetry__type_support.c.o[0m
[21.948s] [ 59%] [32mBuilding C object CMakeFiles/cl_arganello_interface__rosidl_typesupport_introspection_c.dir/rosidl_typesupport_introspection_c/cl_arganello_interface/msg/detail/debug_message__type_support.c.o[0m
[21.972s] [ 60%] [32mBuilding C object CMakeFiles/cl_arganello_interface__rosidl_typesupport_introspection_c.dir/rosidl_typesupport_introspection_c/cl_arganello_interface/msg/detail/imus__type_support.c.o[0m
[22.000s] [ 62%] [32mBuilding CXX object CMakeFiles/cl_arganello_interface__rosidl_typesupport_fastrtps_c.dir/rosidl_typesupport_fastrtps_c/cl_arganello_interface/msg/detail/imus__type_support_c.cpp.o[0m
[22.027s] [ 64%] [32mBuilding CXX object CMakeFiles/cl_arganello_interface__rosidl_typesupport_cpp.dir/rosidl_typesupport_cpp/cl_arganello_interface/msg/rope_telemetry__type_support.cpp.o[0m
[22.029s] [ 64%] Built target cl_arganello_interface__rosidl_typesupport_introspection_cpp
[22.052s] [ 65%] [32mBuilding CXX object CMakeFiles/cl_arganello_interface__rosidl_typesupport_fastrtps_cpp.dir/rosidl_typesupport_fastrtps_cpp/cl_arganello_interface/msg/detail/dds_fastrtps/rope_command__type_support.cpp.o[0m
[22.059s] [ 67%] [32m[1mLinking C shared library libcl_arganello_interface__rosidl_typesupport_introspection_c.so[0m
[22.097s] [ 68%] [32mBuilding CXX object CMakeFiles/cl_arganello_interface__rosidl_typesupport_cpp.dir/rosidl_typesupport_cpp/cl_arganello_interface/msg/debug_message__type_support.cpp.o[0m
[22.106s] [ 70%] [32mBuilding CXX object CMakeFiles/cl_arganello_interface__rosidl_typesupport_fastrtps_cpp.dir/rosidl_typesupport_fastrtps_cpp/cl_arganello_interface/msg/detail/dds_fastrtps/rope_telemetry__type_support.cpp.o[0m
[22.161s] [ 70%] Built target cl_arganello_interface__rosidl_typesupport_introspection_c
[22.194s] [ 71%] [32mBuilding CXX object CMakeFiles/cl_arganello_interface__rosidl_typesupport_fastrtps_cpp.dir/rosidl_typesupport_fastrtps_cpp/cl_arganello_interface/msg/detail/dds_fastrtps/debug_message__type_support.cpp.o[0m
[22.246s] [ 73%] [32mBuilding CXX object CMakeFiles/cl_arganello_interface__rosidl_typesupport_fastrtps_cpp.dir/rosidl_typesupport_fastrtps_cpp/cl_arganello_interface/msg/detail/dds_fastrtps/imus__type_support.cpp.o[0m
[22.314s] [ 75%] [32mBuilding CXX object CMakeFiles/cl_arganello_interface__rosidl_typesupport_cpp.dir/rosidl_typesupport_cpp/cl_arganello_interface/msg/imus__type_support.cpp.o[0m
[22.497s] [ 76%] [32m[1mLinking CXX shared library libcl_arganello_interface__rosidl_typesupport_fastrtps_c.so[0m
[22.645s] [ 76%] Built target cl_arganello_interface__rosidl_typesupport_fastrtps_c
[22.683s] [ 78%] [32m[1mLinking CXX shared library libcl_arganello_interface__rosidl_typesupport_cpp.so[0m
[22.693s] [ 79%] [32m[1mLinking CXX shared library libcl_arganello_interface__rosidl_typesupport_fastrtps_cpp.so[0m
[22.753s] [ 79%] Built target cl_arganello_interface__rosidl_typesupport_cpp
[22.786s] [ 79%] Built target cl_arganello_interface__rosidl_typesupport_fastrtps_cpp
[22.803s] [35m[1mScanning dependencies of target cl_arganello_interface[0m
[22.823s] [ 79%] Built target cl_arganello_interface
[22.840s] [35m[1mScanning dependencies of target cl_arganello_interface__py[0m
[22.861s] [ 81%] [34m[1mGenerating Python code for ROS interfaces[0m
[24.016s] [ 81%] Built target cl_arganello_interface__py
[24.034s] [35m[1mScanning dependencies of target cl_arganello_interface__rosidl_generator_py[0m
[24.076s] [ 82%] [32mBuilding C object CMakeFiles/cl_arganello_interface__rosidl_generator_py.dir/rosidl_generator_py/cl_arganello_interface/msg/_rope_command_s.c.o[0m
[24.078s] [ 85%] [32mBuilding C object CMakeFiles/cl_arganello_interface__rosidl_generator_py.dir/rosidl_generator_py/cl_arganello_interface/msg/_debug_message_s.c.o[0m
[24.078s] [ 85%] [32mBuilding C object CMakeFiles/cl_arganello_interface__rosidl_generator_py.dir/rosidl_generator_py/cl_arganello_interface/msg/_imus_s.c.o[0m
[24.082s] [ 89%] [32mBuilding C object CMakeFiles/cl_arganello_interface__rosidl_generator_py.dir/rosidl_generator_py/cl_arganello_interface/srv/_rope_control_mode_s.c.o[0m
[24.082s] [ 89%] [32mBuilding C object CMakeFiles/cl_arganello_interface__rosidl_generator_py.dir/rosidl_generator_py/cl_arganello_interface/msg/_rope_telemetry_s.c.o[0m
[24.215s] [ 90%] [32m[1mLinking C shared library rosidl_generator_py/cl_arganello_interface/libcl_arganello_interface__rosidl_generator_py.so[0m
[24.272s] [ 90%] Built target cl_arganello_interface__rosidl_generator_py
[24.292s] [35m[1mScanning dependencies of target cl_arganello_interface__rosidl_typesupport_fastrtps_c__pyext[0m
[24.292s] [35m[1mScanning dependencies of target cl_arganello_interface__rosidl_typesupport_c__pyext[0m
[24.292s] [35m[1mScanning dependencies of target cl_arganello_interface__rosidl_typesupport_introspection_c__pyext[0m
[24.319s] [ 92%] [32mBuilding C object CMakeFiles/cl_arganello_interface__rosidl_typesupport_fastrtps_c__pyext.dir/rosidl_generator_py/cl_arganello_interface/_cl_arganello_interface_s.ep.rosidl_typesupport_fastrtps_c.c.o[0m
[24.320s] [ 93%] [32mBuilding C object CMakeFiles/cl_arganello_interface__rosidl_typesupport_c__pyext.dir/rosidl_generator_py/cl_arganello_interface/_cl_arganello_interface_s.ep.rosidl_typesupport_c.c.o[0m
[24.320s] [ 95%] [32mBuilding C object CMakeFiles/cl_arganello_interface__rosidl_typesupport_introspection_c__pyext.dir/rosidl_generator_py/cl_arganello_interface/_cl_arganello_interface_s.ep.rosidl_typesupport_introspection_c.c.o[0m
[24.415s] [100%] [32m[1mLinking C shared library rosidl_generator_py/cl_arganello_interface/cl_arganello_interface_s__rosidl_typesupport_introspection_c.cpython-38-x86_64-linux-gnu.so[0m
[24.415s] [100%] [32m[1mLinking C shared library rosidl_generator_py/cl_arganello_interface/cl_arganello_interface_s__rosidl_typesupport_c.cpython-38-x86_64-linux-gnu.so[0m
[24.415s] [100%] [32m[1mLinking C shared library rosidl_generator_py/cl_arganello_interface/cl_arganello_interface_s__rosidl_typesupport_fastrtps_c.cpython-38-x86_64-linux-gnu.so[0m
[24.474s] [100%] Built target cl_arganello_interface__rosidl_typesupport_c__pyext
[24.474s] [100%] Built target cl_arganello_interface__rosidl_typesupport_introspection_c__pyext
[24.474s] [100%] Built target cl_arganello_interface__rosidl_typesupport_fastrtps_c__pyext
[24.490s] Invoked command in '/home/andrea/Climb_ros2/cl_arganello_interface/build/cl_arganello_interface' returned '0': CMAKE_PREFIX_PATH=${CMAKE_PREFIX_PATH}:/home/andrea/ros2_humble/install/rqt_bag_plugins:/home/andrea/ros2_humble/install/rqt_bag:/home/andrea/ros2_humble/install/launch_testing_examples:/home/andrea/ros2_humble/install/ros2bag:/home/andrea/ros2_humble/install/tracetools_test:/home/andrea/ros2_humble/install/tracetools_launch:/home/andrea/ros2_humble/install/topic_monitor:/home/andrea/ros2_humble/install/tf2_tools:/home/andrea/ros2_humble/install/examples_tf2_py:/home/andrea/ros2_humble/install/tf2_ros_py:/home/andrea/ros2_humble/install/sros2:/home/andrea/ros2_humble/install/rqt_topic:/home/andrea/ros2_humble/install/rqt_srv:/home/andrea/ros2_humble/install/rqt_shell:/home/andrea/ros2_humble/install/rqt_service_caller:/home/andrea/ros2_humble/install/rqt_reconfigure:/home/andrea/ros2_humble/install/rqt_py_console:/home/andrea/ros2_humble/install/rqt_publisher:/home/andrea/ros2_humble/install/rqt_plot:/home/andrea/ros2_humble/install/rqt_action:/home/andrea/ros2_humble/install/rqt_msg:/home/andrea/ros2_humble/install/rqt_console:/home/andrea/ros2_humble/install/rqt:/home/andrea/ros2_humble/install/rqt_graph:/home/andrea/ros2_humble/install/rqt_gui_py:/home/andrea/ros2_humble/install/rqt_gui:/home/andrea/ros2_humble/install/ros2trace:/home/andrea/ros2_humble/install/ros2topic:/home/andrea/ros2_humble/install/ros2test:/home/andrea/ros2_humble/install/ros2component:/home/andrea/ros2_humble/install/ros2param:/home/andrea/ros2_humble/install/ros2lifecycle:/home/andrea/ros2_humble/install/ros2service:/home/andrea/ros2_humble/install/ros2run:/home/andrea/ros2_humble/install/ros2plugin:/home/andrea/ros2_humble/install/ros2launch:/home/andrea/ros2_humble/install/ros2pkg:/home/andrea/ros2_humble/install/ros2node:/home/andrea/ros2_humble/install/ros2multicast:/home/andrea/ros2_humble/install/ros2interface:/home/andrea/ros2_humble/install/ros2doctor:/home/andrea/ros2_humble/install/ros2action:/home/andrea/ros2_humble/install/ros2cli:/home/andrea/ros2_humble/install/quality_of_service_demo_py:/home/andrea/ros2_humble/install/lifecycle_py:/home/andrea/ros2_humble/install/launch_testing_ros:/home/andrea/ros2_humble/install/launch_ros:/home/andrea/ros2_humble/install/examples_rclpy_pointcloud_publisher:/home/andrea/ros2_humble/install/examples_rclpy_minimal_subscriber:/home/andrea/ros2_humble/install/examples_rclpy_minimal_service:/home/andrea/ros2_humble/install/examples_rclpy_minimal_publisher:/home/andrea/ros2_humble/install/examples_rclpy_minimal_client:/home/andrea/ros2_humble/install/examples_rclpy_minimal_action_server:/home/andrea/ros2_humble/install/examples_rclpy_minimal_action_client:/home/andrea/ros2_humble/install/examples_rclpy_guard_conditions:/home/andrea/ros2_humble/install/examples_rclpy_executors:/home/andrea/ros2_humble/install/demo_nodes_py:/home/andrea/ros2_humble/install/camera_info_manager_py:/home/andrea/ros2_humble/install/action_tutorials_py:/home/andrea/ros2_humble/install/ament_uncrustify:/home/andrea/ros2_humble/install/tracetools_trace:/home/andrea/ros2_humble/install/tracetools_read:/home/andrea/ros2_humble/install/test_tracetools_launch:/home/andrea/ros2_humble/install/test_launch_ros:/home/andrea/ros2_humble/install/sensor_msgs_py:/home/andrea/ros2_humble/install/rpyutils:/home/andrea/ros2_humble/install/rosidl_runtime_py:/home/andrea/ros2_humble/install/rosidl_cli:/home/andrea/ros2_humble/install/launch_pytest:/home/andrea/ros2_humble/install/launch_testing:/home/andrea/ros2_humble/install/launch_yaml:/home/andrea/ros2_humble/install/launch_xml:/home/andrea/ros2_humble/install/launch:/home/andrea/ros2_humble/install/osrf_pycommon:/home/andrea/ros2_humble/install/domain_coordinator:/home/andrea/ros2_humble/install/ament_xmllint:/home/andrea/ros2_humble/install/ament_pyflakes:/home/andrea/ros2_humble/install/ament_pycodestyle:/home/andrea/ros2_humble/install/ament_pep257:/home/andrea/ros2_humble/install/ament_pclint:/home/andrea/ros2_humble/install/ament_package:/home/andrea/ros2_humble/install/ament_mypy:/home/andrea/ros2_humble/install/ament_lint_cmake:/home/andrea/ros2_humble/install/ament_flake8:/home/andrea/ros2_humble/install/ament_copyright:/home/andrea/ros2_humble/install/ament_lint:/home/andrea/ros2_humble/install/ament_index_python:/home/andrea/ros2_humble/install/ament_cpplint:/home/andrea/ros2_humble/install/ament_cppcheck:/home/andrea/ros2_humble/install/ament_clang_tidy:/home/andrea/ros2_humble/install/ament_clang_format /usr/bin/cmake --build /home/andrea/Climb_ros2/cl_arganello_interface/build/cl_arganello_interface -- -j8 -l8
[24.508s] Invoking command in '/home/andrea/Climb_ros2/cl_arganello_interface/build/cl_arganello_interface': CMAKE_PREFIX_PATH=${CMAKE_PREFIX_PATH}:/home/andrea/ros2_humble/install/rqt_bag_plugins:/home/andrea/ros2_humble/install/rqt_bag:/home/andrea/ros2_humble/install/launch_testing_examples:/home/andrea/ros2_humble/install/ros2bag:/home/andrea/ros2_humble/install/tracetools_test:/home/andrea/ros2_humble/install/tracetools_launch:/home/andrea/ros2_humble/install/topic_monitor:/home/andrea/ros2_humble/install/tf2_tools:/home/andrea/ros2_humble/install/examples_tf2_py:/home/andrea/ros2_humble/install/tf2_ros_py:/home/andrea/ros2_humble/install/sros2:/home/andrea/ros2_humble/install/rqt_topic:/home/andrea/ros2_humble/install/rqt_srv:/home/andrea/ros2_humble/install/rqt_shell:/home/andrea/ros2_humble/install/rqt_service_caller:/home/andrea/ros2_humble/install/rqt_reconfigure:/home/andrea/ros2_humble/install/rqt_py_console:/home/andrea/ros2_humble/install/rqt_publisher:/home/andrea/ros2_humble/install/rqt_plot:/home/andrea/ros2_humble/install/rqt_action:/home/andrea/ros2_humble/install/rqt_msg:/home/andrea/ros2_humble/install/rqt_console:/home/andrea/ros2_humble/install/rqt:/home/andrea/ros2_humble/install/rqt_graph:/home/andrea/ros2_humble/install/rqt_gui_py:/home/andrea/ros2_humble/install/rqt_gui:/home/andrea/ros2_humble/install/ros2trace:/home/andrea/ros2_humble/install/ros2topic:/home/andrea/ros2_humble/install/ros2test:/home/andrea/ros2_humble/install/ros2component:/home/andrea/ros2_humble/install/ros2param:/home/andrea/ros2_humble/install/ros2lifecycle:/home/andrea/ros2_humble/install/ros2service:/home/andrea/ros2_humble/install/ros2run:/home/andrea/ros2_humble/install/ros2plugin:/home/andrea/ros2_humble/install/ros2launch:/home/andrea/ros2_humble/install/ros2pkg:/home/andrea/ros2_humble/install/ros2node:/home/andrea/ros2_humble/install/ros2multicast:/home/andrea/ros2_humble/install/ros2interface:/home/andrea/ros2_humble/install/ros2doctor:/home/andrea/ros2_humble/install/ros2action:/home/andrea/ros2_humble/install/ros2cli:/home/andrea/ros2_humble/install/quality_of_service_demo_py:/home/andrea/ros2_humble/install/lifecycle_py:/home/andrea/ros2_humble/install/launch_testing_ros:/home/andrea/ros2_humble/install/launch_ros:/home/andrea/ros2_humble/install/examples_rclpy_pointcloud_publisher:/home/andrea/ros2_humble/install/examples_rclpy_minimal_subscriber:/home/andrea/ros2_humble/install/examples_rclpy_minimal_service:/home/andrea/ros2_humble/install/examples_rclpy_minimal_publisher:/home/andrea/ros2_humble/install/examples_rclpy_minimal_client:/home/andrea/ros2_humble/install/examples_rclpy_minimal_action_server:/home/andrea/ros2_humble/install/examples_rclpy_minimal_action_client:/home/andrea/ros2_humble/install/examples_rclpy_guard_conditions:/home/andrea/ros2_humble/install/examples_rclpy_executors:/home/andrea/ros2_humble/install/demo_nodes_py:/home/andrea/ros2_humble/install/camera_info_manager_py:/home/andrea/ros2_humble/install/action_tutorials_py:/home/andrea/ros2_humble/install/ament_uncrustify:/home/andrea/ros2_humble/install/tracetools_trace:/home/andrea/ros2_humble/install/tracetools_read:/home/andrea/ros2_humble/install/test_tracetools_launch:/home/andrea/ros2_humble/install/test_launch_ros:/home/andrea/ros2_humble/install/sensor_msgs_py:/home/andrea/ros2_humble/install/rpyutils:/home/andrea/ros2_humble/install/rosidl_runtime_py:/home/andrea/ros2_humble/install/rosidl_cli:/home/andrea/ros2_humble/install/launch_pytest:/home/andrea/ros2_humble/install/launch_testing:/home/andrea/ros2_humble/install/launch_yaml:/home/andrea/ros2_humble/install/launch_xml:/home/andrea/ros2_humble/install/launch:/home/andrea/ros2_humble/install/osrf_pycommon:/home/andrea/ros2_humble/install/domain_coordinator:/home/andrea/ros2_humble/install/ament_xmllint:/home/andrea/ros2_humble/install/ament_pyflakes:/home/andrea/ros2_humble/install/ament_pycodestyle:/home/andrea/ros2_humble/install/ament_pep257:/home/andrea/ros2_humble/install/ament_pclint:/home/andrea/ros2_humble/install/ament_package:/home/andrea/ros2_humble/install/ament_mypy:/home/andrea/ros2_humble/install/ament_lint_cmake:/home/andrea/ros2_humble/install/ament_flake8:/home/andrea/ros2_humble/install/ament_copyright:/home/andrea/ros2_humble/install/ament_lint:/home/andrea/ros2_humble/install/ament_index_python:/home/andrea/ros2_humble/install/ament_cpplint:/home/andrea/ros2_humble/install/ament_cppcheck:/home/andrea/ros2_humble/install/ament_clang_tidy:/home/andrea/ros2_humble/install/ament_clang_format /usr/bin/cmake --install /home/andrea/Climb_ros2/cl_arganello_interface/build/cl_arganello_interface
[24.522s] -- Install configuration: ""
[24.522s] -- Installing: /home/andrea/Climb_ros2/cl_arganello_interface/install/cl_arganello_interface/share/ament_index/resource_index/rosidl_interfaces/cl_arganello_interface
[24.522s] -- Installing: /home/andrea/Climb_ros2/cl_arganello_interface/install/cl_arganello_interface/include/cl_arganello_interface/cl_arganello_interface
[24.522s] -- Installing: /home/andrea/Climb_ros2/cl_arganello_interface/install/cl_arganello_interface/include/cl_arganello_interface/cl_arganello_interface/srv
[24.522s] -- Installing: /home/andrea/Climb_ros2/cl_arganello_interface/install/cl_arganello_interface/include/cl_arganello_interface/cl_arganello_interface/srv/detail
[24.522s] -- Installing: /home/andrea/Climb_ros2/cl_arganello_interface/install/cl_arganello_interface/include/cl_arganello_interface/cl_arganello_interface/srv/detail/rope_control_mode__functions.c
[24.522s] -- Installing: /home/andrea/Climb_ros2/cl_arganello_interface/install/cl_arganello_interface/include/cl_arganello_interface/cl_arganello_interface/srv/detail/rope_control_mode__type_support.h
[24.522s] -- Installing: /home/andrea/Climb_ros2/cl_arganello_interface/install/cl_arganello_interface/include/cl_arganello_interface/cl_arganello_interface/srv/detail/rope_control_mode__struct.h
[24.522s] -- Installing: /home/andrea/Climb_ros2/cl_arganello_interface/install/cl_arganello_interface/include/cl_arganello_interface/cl_arganello_interface/srv/detail/rope_control_mode__functions.h
[24.522s] -- Installing: /home/andrea/Climb_ros2/cl_arganello_interface/install/cl_arganello_interface/include/cl_arganello_interface/cl_arganello_interface/srv/rope_control_mode.h
[24.522s] -- Installing: /home/andrea/Climb_ros2/cl_arganello_interface/install/cl_arganello_interface/include/cl_arganello_interface/cl_arganello_interface/msg
[24.523s] -- Installing: /home/andrea/Climb_ros2/cl_arganello_interface/install/cl_arganello_interface/include/cl_arganello_interface/cl_arganello_interface/msg/imus.h
[24.523s] -- Installing: /home/andrea/Climb_ros2/cl_arganello_interface/install/cl_arganello_interface/include/cl_arganello_interface/cl_arganello_interface/msg/rope_telemetry.h
[24.523s] -- Installing: /home/andrea/Climb_ros2/cl_arganello_interface/install/cl_arganello_interface/include/cl_arganello_interface/cl_arganello_interface/msg/rosidl_generator_c__visibility_control.h
[24.523s] -- Installing: /home/andrea/Climb_ros2/cl_arganello_interface/install/cl_arganello_interface/include/cl_arganello_interface/cl_arganello_interface/msg/debug_message.h
[24.523s] -- Installing: /home/andrea/Climb_ros2/cl_arganello_interface/install/cl_arganello_interface/include/cl_arganello_interface/cl_arganello_interface/msg/detail
[24.523s] -- Installing: /home/andrea/Climb_ros2/cl_arganello_interface/install/cl_arganello_interface/include/cl_arganello_interface/cl_arganello_interface/msg/detail/imus__functions.c
[24.523s] -- Installing: /home/andrea/Climb_ros2/cl_arganello_interface/install/cl_arganello_interface/include/cl_arganello_interface/cl_arganello_interface/msg/detail/imus__struct.h
[24.523s] -- Installing: /home/andrea/Climb_ros2/cl_arganello_interface/install/cl_arganello_interface/include/cl_arganello_interface/cl_arganello_interface/msg/detail/rope_telemetry__functions.c
[24.523s] -- Installing: /home/andrea/Climb_ros2/cl_arganello_interface/install/cl_arganello_interface/include/cl_arganello_interface/cl_arganello_interface/msg/detail/rope_command__type_support.h
[24.523s] -- Installing: /home/andrea/Climb_ros2/cl_arganello_interface/install/cl_arganello_interface/include/cl_arganello_interface/cl_arganello_interface/msg/detail/rope_command__functions.c
[24.523s] -- Installing: /home/andrea/Climb_ros2/cl_arganello_interface/install/cl_arganello_interface/include/cl_arganello_interface/cl_arganello_interface/msg/detail/rope_command__struct.h
[24.523s] -- Installing: /home/andrea/Climb_ros2/cl_arganello_interface/install/cl_arganello_interface/include/cl_arganello_interface/cl_arganello_interface/msg/detail/debug_message__type_support.h
[24.523s] -- Installing: /home/andrea/Climb_ros2/cl_arganello_interface/install/cl_arganello_interface/include/cl_arganello_interface/cl_arganello_interface/msg/detail/rope_command__functions.h
[24.523s] -- Installing: /home/andrea/Climb_ros2/cl_arganello_interface/install/cl_arganello_interface/include/cl_arganello_interface/cl_arganello_interface/msg/detail/debug_message__struct.h
[24.523s] -- Installing: /home/andrea/Climb_ros2/cl_arganello_interface/install/cl_arganello_interface/include/cl_arganello_interface/cl_arganello_interface/msg/detail/rope_telemetry__functions.h
[24.523s] -- Installing: /home/andrea/Climb_ros2/cl_arganello_interface/install/cl_arganello_interface/include/cl_arganello_interface/cl_arganello_interface/msg/detail/debug_message__functions.h
[24.523s] -- Installing: /home/andrea/Climb_ros2/cl_arganello_interface/install/cl_arganello_interface/include/cl_arganello_interface/cl_arganello_interface/msg/detail/imus__functions.h
[24.523s] -- Installing: /home/andrea/Climb_ros2/cl_arganello_interface/install/cl_arganello_interface/include/cl_arganello_interface/cl_arganello_interface/msg/detail/rope_telemetry__struct.h
[24.523s] -- Installing: /home/andrea/Climb_ros2/cl_arganello_interface/install/cl_arganello_interface/include/cl_arganello_interface/cl_arganello_interface/msg/detail/debug_message__functions.c
[24.523s] -- Installing: /home/andrea/Climb_ros2/cl_arganello_interface/install/cl_arganello_interface/include/cl_arganello_interface/cl_arganello_interface/msg/detail/rope_telemetry__type_support.h
[24.524s] -- Installing: /home/andrea/Climb_ros2/cl_arganello_interface/install/cl_arganello_interface/include/cl_arganello_interface/cl_arganello_interface/msg/detail/imus__type_support.h
[24.524s] -- Installing: /home/andrea/Climb_ros2/cl_arganello_interface/install/cl_arganello_interface/include/cl_arganello_interface/cl_arganello_interface/msg/rope_command.h
[24.524s] -- Installing: /home/andrea/Climb_ros2/cl_arganello_interface/install/cl_arganello_interface/share/cl_arganello_interface/environment/library_path.sh
[24.524s] -- Installing: /home/andrea/Climb_ros2/cl_arganello_interface/install/cl_arganello_interface/share/cl_arganello_interface/environment/library_path.dsv
[24.524s] -- Installing: /home/andrea/Climb_ros2/cl_arganello_interface/install/cl_arganello_interface/lib/libcl_arganello_interface__rosidl_generator_c.so
[24.524s] -- Set runtime path of "/home/andrea/Climb_ros2/cl_arganello_interface/install/cl_arganello_interface/lib/libcl_arganello_interface__rosidl_generator_c.so" to ""
[24.524s] -- Up-to-date: /home/andrea/Climb_ros2/cl_arganello_interface/install/cl_arganello_interface/include/cl_arganello_interface/cl_arganello_interface
[24.524s] -- Up-to-date: /home/andrea/Climb_ros2/cl_arganello_interface/install/cl_arganello_interface/include/cl_arganello_interface/cl_arganello_interface/srv
[24.524s] -- Up-to-date: /home/andrea/Climb_ros2/cl_arganello_interface/install/cl_arganello_interface/include/cl_arganello_interface/cl_arganello_interface/srv/detail
[24.524s] -- Installing: /home/andrea/Climb_ros2/cl_arganello_interface/install/cl_arganello_interface/include/cl_arganello_interface/cl_arganello_interface/srv/detail/rope_control_mode__rosidl_typesupport_fastrtps_c.h
[24.524s] -- Up-to-date: /home/andrea/Climb_ros2/cl_arganello_interface/install/cl_arganello_interface/include/cl_arganello_interface/cl_arganello_interface/msg
[24.524s] -- Installing: /home/andrea/Climb_ros2/cl_arganello_interface/install/cl_arganello_interface/include/cl_arganello_interface/cl_arganello_interface/msg/rosidl_typesupport_fastrtps_c__visibility_control.h
[24.524s] -- Up-to-date: /home/andrea/Climb_ros2/cl_arganello_interface/install/cl_arganello_interface/include/cl_arganello_interface/cl_arganello_interface/msg/detail
[24.524s] -- Installing: /home/andrea/Climb_ros2/cl_arganello_interface/install/cl_arganello_interface/include/cl_arganello_interface/cl_arganello_interface/msg/detail/rope_command__rosidl_typesupport_fastrtps_c.h
[24.524s] -- Installing: /home/andrea/Climb_ros2/cl_arganello_interface/install/cl_arganello_interface/include/cl_arganello_interface/cl_arganello_interface/msg/detail/debug_message__rosidl_typesupport_fastrtps_c.h
[24.524s] -- Installing: /home/andrea/Climb_ros2/cl_arganello_interface/install/cl_arganello_interface/include/cl_arganello_interface/cl_arganello_interface/msg/detail/rope_telemetry__rosidl_typesupport_fastrtps_c.h
[24.524s] -- Installing: /home/andrea/Climb_ros2/cl_arganello_interface/install/cl_arganello_interface/include/cl_arganello_interface/cl_arganello_interface/msg/detail/imus__rosidl_typesupport_fastrtps_c.h
[24.524s] -- Installing: /home/andrea/Climb_ros2/cl_arganello_interface/install/cl_arganello_interface/lib/libcl_arganello_interface__rosidl_typesupport_fastrtps_c.so
[24.524s] -- Set runtime path of "/home/andrea/Climb_ros2/cl_arganello_interface/install/cl_arganello_interface/lib/libcl_arganello_interface__rosidl_typesupport_fastrtps_c.so" to ""
[24.525s] -- Up-to-date: /home/andrea/Climb_ros2/cl_arganello_interface/install/cl_arganello_interface/include/cl_arganello_interface/cl_arganello_interface
[24.525s] -- Up-to-date: /home/andrea/Climb_ros2/cl_arganello_interface/install/cl_arganello_interface/include/cl_arganello_interface/cl_arganello_interface/srv
[24.525s] -- Installing: /home/andrea/Climb_ros2/cl_arganello_interface/install/cl_arganello_interface/include/cl_arganello_interface/cl_arganello_interface/srv/rope_control_mode.hpp
[24.525s] -- Up-to-date: /home/andrea/Climb_ros2/cl_arganello_interface/install/cl_arganello_interface/include/cl_arganello_interface/cl_arganello_interface/srv/detail
[24.525s] -- Installing: /home/andrea/Climb_ros2/cl_arganello_interface/install/cl_arganello_interface/include/cl_arganello_interface/cl_arganello_interface/srv/detail/rope_control_mode__type_support.hpp
[24.525s] -- Installing: /home/andrea/Climb_ros2/cl_arganello_interface/install/cl_arganello_interface/include/cl_arganello_interface/cl_arganello_interface/srv/detail/rope_control_mode__struct.hpp
[24.525s] -- Installing: /home/andrea/Climb_ros2/cl_arganello_interface/install/cl_arganello_interface/include/cl_arganello_interface/cl_arganello_interface/srv/detail/rope_control_mode__builder.hpp
[24.525s] -- Installing: /home/andrea/Climb_ros2/cl_arganello_interface/install/cl_arganello_interface/include/cl_arganello_interface/cl_arganello_interface/srv/detail/rope_control_mode__traits.hpp
[24.525s] -- Up-to-date: /home/andrea/Climb_ros2/cl_arganello_interface/install/cl_arganello_interface/include/cl_arganello_interface/cl_arganello_interface/msg
[24.525s] -- Installing: /home/andrea/Climb_ros2/cl_arganello_interface/install/cl_arganello_interface/include/cl_arganello_interface/cl_arganello_interface/msg/rosidl_generator_cpp__visibility_control.hpp
[24.525s] -- Installing: /home/andrea/Climb_ros2/cl_arganello_interface/install/cl_arganello_interface/include/cl_arganello_interface/cl_arganello_interface/msg/rope_command.hpp
[24.525s] -- Installing: /home/andrea/Climb_ros2/cl_arganello_interface/install/cl_arganello_interface/include/cl_arganello_interface/cl_arganello_interface/msg/rope_telemetry.hpp
[24.525s] -- Installing: /home/andrea/Climb_ros2/cl_arganello_interface/install/cl_arganello_interface/include/cl_arganello_interface/cl_arganello_interface/msg/debug_message.hpp
[24.525s] -- Up-to-date: /home/andrea/Climb_ros2/cl_arganello_interface/install/cl_arganello_interface/include/cl_arganello_interface/cl_arganello_interface/msg/detail
[24.525s] -- Installing: /home/andrea/Climb_ros2/cl_arganello_interface/install/cl_arganello_interface/include/cl_arganello_interface/cl_arganello_interface/msg/detail/debug_message__struct.hpp
[24.525s] -- Installing: /home/andrea/Climb_ros2/cl_arganello_interface/install/cl_arganello_interface/include/cl_arganello_interface/cl_arganello_interface/msg/detail/rope_command__traits.hpp
[24.525s] -- Installing: /home/andrea/Climb_ros2/cl_arganello_interface/install/cl_arganello_interface/include/cl_arganello_interface/cl_arganello_interface/msg/detail/imus__struct.hpp
[24.525s] -- Installing: /home/andrea/Climb_ros2/cl_arganello_interface/install/cl_arganello_interface/include/cl_arganello_interface/cl_arganello_interface/msg/detail/rope_telemetry__builder.hpp
[24.525s] -- Installing: /home/andrea/Climb_ros2/cl_arganello_interface/install/cl_arganello_interface/include/cl_arganello_interface/cl_arganello_interface/msg/detail/imus__builder.hpp
[24.525s] -- Installing: /home/andrea/Climb_ros2/cl_arganello_interface/install/cl_arganello_interface/include/cl_arganello_interface/cl_arganello_interface/msg/detail/imus__type_support.hpp
[24.526s] -- Installing: /home/andrea/Climb_ros2/cl_arganello_interface/install/cl_arganello_interface/include/cl_arganello_interface/cl_arganello_interface/msg/detail/rope_telemetry__type_support.hpp
[24.526s] -- Installing: /home/andrea/Climb_ros2/cl_arganello_interface/install/cl_arganello_interface/include/cl_arganello_interface/cl_arganello_interface/msg/detail/imus__traits.hpp
[24.526s] -- Installing: /home/andrea/Climb_ros2/cl_arganello_interface/install/cl_arganello_interface/include/cl_arganello_interface/cl_arganello_interface/msg/detail/rope_telemetry__traits.hpp
[24.526s] -- Installing: /home/andrea/Climb_ros2/cl_arganello_interface/install/cl_arganello_interface/include/cl_arganello_interface/cl_arganello_interface/msg/detail/debug_message__builder.hpp
[24.526s] -- Installing: /home/andrea/Climb_ros2/cl_arganello_interface/install/cl_arganello_interface/include/cl_arganello_interface/cl_arganello_interface/msg/detail/rope_command__struct.hpp
[24.526s] -- Installing: /home/andrea/Climb_ros2/cl_arganello_interface/install/cl_arganello_interface/include/cl_arganello_interface/cl_arganello_interface/msg/detail/debug_message__traits.hpp
[24.526s] -- Installing: /home/andrea/Climb_ros2/cl_arganello_interface/install/cl_arganello_interface/include/cl_arganello_interface/cl_arganello_interface/msg/detail/debug_message__type_support.hpp
[24.526s] -- Installing: /home/andrea/Climb_ros2/cl_arganello_interface/install/cl_arganello_interface/include/cl_arganello_interface/cl_arganello_interface/msg/detail/rope_command__builder.hpp
[24.526s] -- Installing: /home/andrea/Climb_ros2/cl_arganello_interface/install/cl_arganello_interface/include/cl_arganello_interface/cl_arganello_interface/msg/detail/rope_command__type_support.hpp
[24.526s] -- Installing: /home/andrea/Climb_ros2/cl_arganello_interface/install/cl_arganello_interface/include/cl_arganello_interface/cl_arganello_interface/msg/detail/rope_telemetry__struct.hpp
[24.526s] -- Installing: /home/andrea/Climb_ros2/cl_arganello_interface/install/cl_arganello_interface/include/cl_arganello_interface/cl_arganello_interface/msg/imus.hpp
[24.526s] -- Up-to-date: /home/andrea/Climb_ros2/cl_arganello_interface/install/cl_arganello_interface/include/cl_arganello_interface/cl_arganello_interface
[24.526s] -- Up-to-date: /home/andrea/Climb_ros2/cl_arganello_interface/install/cl_arganello_interface/include/cl_arganello_interface/cl_arganello_interface/srv
[24.526s] -- Up-to-date: /home/andrea/Climb_ros2/cl_arganello_interface/install/cl_arganello_interface/include/cl_arganello_interface/cl_arganello_interface/srv/detail
[24.526s] -- Installing: /home/andrea/Climb_ros2/cl_arganello_interface/install/cl_arganello_interface/include/cl_arganello_interface/cl_arganello_interface/srv/detail/rope_control_mode__rosidl_typesupport_fastrtps_cpp.hpp
[24.526s] -- Installing: /home/andrea/Climb_ros2/cl_arganello_interface/install/cl_arganello_interface/include/cl_arganello_interface/cl_arganello_interface/srv/detail/dds_fastrtps
[24.526s] -- Up-to-date: /home/andrea/Climb_ros2/cl_arganello_interface/install/cl_arganello_interface/include/cl_arganello_interface/cl_arganello_interface/msg
[24.526s] -- Up-to-date: /home/andrea/Climb_ros2/cl_arganello_interface/install/cl_arganello_interface/include/cl_arganello_interface/cl_arganello_interface/msg/detail
[24.526s] -- Installing: /home/andrea/Climb_ros2/cl_arganello_interface/install/cl_arganello_interface/include/cl_arganello_interface/cl_arganello_interface/msg/detail/rope_command__rosidl_typesupport_fastrtps_cpp.hpp
[24.527s] -- Installing: /home/andrea/Climb_ros2/cl_arganello_interface/install/cl_arganello_interface/include/cl_arganello_interface/cl_arganello_interface/msg/detail/rope_telemetry__rosidl_typesupport_fastrtps_cpp.hpp
[24.527s] -- Installing: /home/andrea/Climb_ros2/cl_arganello_interface/install/cl_arganello_interface/include/cl_arganello_interface/cl_arganello_interface/msg/detail/dds_fastrtps
[24.527s] -- Installing: /home/andrea/Climb_ros2/cl_arganello_interface/install/cl_arganello_interface/include/cl_arganello_interface/cl_arganello_interface/msg/detail/imus__rosidl_typesupport_fastrtps_cpp.hpp
[24.527s] -- Installing: /home/andrea/Climb_ros2/cl_arganello_interface/install/cl_arganello_interface/include/cl_arganello_interface/cl_arganello_interface/msg/detail/debug_message__rosidl_typesupport_fastrtps_cpp.hpp
[24.527s] -- Installing: /home/andrea/Climb_ros2/cl_arganello_interface/install/cl_arganello_interface/include/cl_arganello_interface/cl_arganello_interface/msg/rosidl_typesupport_fastrtps_cpp__visibility_control.h
[24.527s] -- Installing: /home/andrea/Climb_ros2/cl_arganello_interface/install/cl_arganello_interface/lib/libcl_arganello_interface__rosidl_typesupport_fastrtps_cpp.so
[24.527s] -- Set runtime path of "/home/andrea/Climb_ros2/cl_arganello_interface/install/cl_arganello_interface/lib/libcl_arganello_interface__rosidl_typesupport_fastrtps_cpp.so" to ""
[24.527s] -- Up-to-date: /home/andrea/Climb_ros2/cl_arganello_interface/install/cl_arganello_interface/include/cl_arganello_interface/cl_arganello_interface
[24.527s] -- Up-to-date: /home/andrea/Climb_ros2/cl_arganello_interface/install/cl_arganello_interface/include/cl_arganello_interface/cl_arganello_interface/srv
[24.527s] -- Up-to-date: /home/andrea/Climb_ros2/cl_arganello_interface/install/cl_arganello_interface/include/cl_arganello_interface/cl_arganello_interface/srv/detail
[24.527s] -- Installing: /home/andrea/Climb_ros2/cl_arganello_interface/install/cl_arganello_interface/include/cl_arganello_interface/cl_arganello_interface/srv/detail/rope_control_mode__type_support.c
[24.527s] -- Installing: /home/andrea/Climb_ros2/cl_arganello_interface/install/cl_arganello_interface/include/cl_arganello_interface/cl_arganello_interface/srv/detail/rope_control_mode__rosidl_typesupport_introspection_c.h
[24.527s] -- Up-to-date: /home/andrea/Climb_ros2/cl_arganello_interface/install/cl_arganello_interface/include/cl_arganello_interface/cl_arganello_interface/msg
[24.527s] -- Up-to-date: /home/andrea/Climb_ros2/cl_arganello_interface/install/cl_arganello_interface/include/cl_arganello_interface/cl_arganello_interface/msg/detail
[24.527s] -- Installing: /home/andrea/Climb_ros2/cl_arganello_interface/install/cl_arganello_interface/include/cl_arganello_interface/cl_arganello_interface/msg/detail/rope_telemetry__type_support.c
[24.527s] -- Installing: /home/andrea/Climb_ros2/cl_arganello_interface/install/cl_arganello_interface/include/cl_arganello_interface/cl_arganello_interface/msg/detail/imus__rosidl_typesupport_introspection_c.h
[24.527s] -- Installing: /home/andrea/Climb_ros2/cl_arganello_interface/install/cl_arganello_interface/include/cl_arganello_interface/cl_arganello_interface/msg/detail/debug_message__rosidl_typesupport_introspection_c.h
[24.527s] -- Installing: /home/andrea/Climb_ros2/cl_arganello_interface/install/cl_arganello_interface/include/cl_arganello_interface/cl_arganello_interface/msg/detail/debug_message__type_support.c
[24.527s] -- Installing: /home/andrea/Climb_ros2/cl_arganello_interface/install/cl_arganello_interface/include/cl_arganello_interface/cl_arganello_interface/msg/detail/rope_command__rosidl_typesupport_introspection_c.h
[24.527s] -- Installing: /home/andrea/Climb_ros2/cl_arganello_interface/install/cl_arganello_interface/include/cl_arganello_interface/cl_arganello_interface/msg/detail/rope_command__type_support.c
[24.528s] -- Installing: /home/andrea/Climb_ros2/cl_arganello_interface/install/cl_arganello_interface/include/cl_arganello_interface/cl_arganello_interface/msg/detail/imus__type_support.c
[24.528s] -- Installing: /home/andrea/Climb_ros2/cl_arganello_interface/install/cl_arganello_interface/include/cl_arganello_interface/cl_arganello_interface/msg/detail/rope_telemetry__rosidl_typesupport_introspection_c.h
[24.528s] -- Installing: /home/andrea/Climb_ros2/cl_arganello_interface/install/cl_arganello_interface/include/cl_arganello_interface/cl_arganello_interface/msg/rosidl_typesupport_introspection_c__visibility_control.h
[24.528s] -- Installing: /home/andrea/Climb_ros2/cl_arganello_interface/install/cl_arganello_interface/lib/libcl_arganello_interface__rosidl_typesupport_introspection_c.so
[24.528s] -- Set runtime path of "/home/andrea/Climb_ros2/cl_arganello_interface/install/cl_arganello_interface/lib/libcl_arganello_interface__rosidl_typesupport_introspection_c.so" to ""
[24.528s] -- Installing: /home/andrea/Climb_ros2/cl_arganello_interface/install/cl_arganello_interface/lib/libcl_arganello_interface__rosidl_typesupport_c.so
[24.528s] -- Set runtime path of "/home/andrea/Climb_ros2/cl_arganello_interface/install/cl_arganello_interface/lib/libcl_arganello_interface__rosidl_typesupport_c.so" to ""
[24.528s] -- Up-to-date: /home/andrea/Climb_ros2/cl_arganello_interface/install/cl_arganello_interface/include/cl_arganello_interface/cl_arganello_interface
[24.528s] -- Up-to-date: /home/andrea/Climb_ros2/cl_arganello_interface/install/cl_arganello_interface/include/cl_arganello_interface/cl_arganello_interface/srv
[24.528s] -- Up-to-date: /home/andrea/Climb_ros2/cl_arganello_interface/install/cl_arganello_interface/include/cl_arganello_interface/cl_arganello_interface/srv/detail
[24.528s] -- Installing: /home/andrea/Climb_ros2/cl_arganello_interface/install/cl_arganello_interface/include/cl_arganello_interface/cl_arganello_interface/srv/detail/rope_control_mode__rosidl_typesupport_introspection_cpp.hpp
[24.528s] -- Installing: /home/andrea/Climb_ros2/cl_arganello_interface/install/cl_arganello_interface/include/cl_arganello_interface/cl_arganello_interface/srv/detail/rope_control_mode__type_support.cpp
[24.528s] -- Up-to-date: /home/andrea/Climb_ros2/cl_arganello_interface/install/cl_arganello_interface/include/cl_arganello_interface/cl_arganello_interface/msg
[24.528s] -- Up-to-date: /home/andrea/Climb_ros2/cl_arganello_interface/install/cl_arganello_interface/include/cl_arganello_interface/cl_arganello_interface/msg/detail
[24.528s] -- Installing: /home/andrea/Climb_ros2/cl_arganello_interface/install/cl_arganello_interface/include/cl_arganello_interface/cl_arganello_interface/msg/detail/rope_command__type_support.cpp
[24.528s] -- Installing: /home/andrea/Climb_ros2/cl_arganello_interface/install/cl_arganello_interface/include/cl_arganello_interface/cl_arganello_interface/msg/detail/rope_telemetry__type_support.cpp
[24.528s] -- Installing: /home/andrea/Climb_ros2/cl_arganello_interface/install/cl_arganello_interface/include/cl_arganello_interface/cl_arganello_interface/msg/detail/rope_telemetry__rosidl_typesupport_introspection_cpp.hpp
[24.528s] -- Installing: /home/andrea/Climb_ros2/cl_arganello_interface/install/cl_arganello_interface/include/cl_arganello_interface/cl_arganello_interface/msg/detail/imus__type_support.cpp
[24.528s] -- Installing: /home/andrea/Climb_ros2/cl_arganello_interface/install/cl_arganello_interface/include/cl_arganello_interface/cl_arganello_interface/msg/detail/debug_message__rosidl_typesupport_introspection_cpp.hpp
[24.528s] -- Installing: /home/andrea/Climb_ros2/cl_arganello_interface/install/cl_arganello_interface/include/cl_arganello_interface/cl_arganello_interface/msg/detail/imus__rosidl_typesupport_introspection_cpp.hpp
[24.528s] -- Installing: /home/andrea/Climb_ros2/cl_arganello_interface/install/cl_arganello_interface/include/cl_arganello_interface/cl_arganello_interface/msg/detail/rope_command__rosidl_typesupport_introspection_cpp.hpp
[24.529s] -- Installing: /home/andrea/Climb_ros2/cl_arganello_interface/install/cl_arganello_interface/include/cl_arganello_interface/cl_arganello_interface/msg/detail/debug_message__type_support.cpp
[24.529s] -- Installing: /home/andrea/Climb_ros2/cl_arganello_interface/install/cl_arganello_interface/lib/libcl_arganello_interface__rosidl_typesupport_introspection_cpp.so
[24.529s] -- Set runtime path of "/home/andrea/Climb_ros2/cl_arganello_interface/install/cl_arganello_interface/lib/libcl_arganello_interface__rosidl_typesupport_introspection_cpp.so" to ""
[24.529s] -- Installing: /home/andrea/Climb_ros2/cl_arganello_interface/install/cl_arganello_interface/lib/libcl_arganello_interface__rosidl_typesupport_cpp.so
[24.529s] -- Set runtime path of "/home/andrea/Climb_ros2/cl_arganello_interface/install/cl_arganello_interface/lib/libcl_arganello_interface__rosidl_typesupport_cpp.so" to ""
[24.529s] -- Installing: /home/andrea/Climb_ros2/cl_arganello_interface/install/cl_arganello_interface/share/cl_arganello_interface/environment/pythonpath.sh
[24.529s] -- Installing: /home/andrea/Climb_ros2/cl_arganello_interface/install/cl_arganello_interface/share/cl_arganello_interface/environment/pythonpath.dsv
[24.529s] -- Installing: /home/andrea/Climb_ros2/cl_arganello_interface/install/cl_arganello_interface/lib/python3.8/site-packages/cl_arganello_interface-0.0.0-py3.8.egg-info
[24.529s] -- Installing: /home/andrea/Climb_ros2/cl_arganello_interface/install/cl_arganello_interface/lib/python3.8/site-packages/cl_arganello_interface-0.0.0-py3.8.egg-info/top_level.txt
[24.529s] -- Installing: /home/andrea/Climb_ros2/cl_arganello_interface/install/cl_arganello_interface/lib/python3.8/site-packages/cl_arganello_interface-0.0.0-py3.8.egg-info/SOURCES.txt
[24.529s] -- Installing: /home/andrea/Climb_ros2/cl_arganello_interface/install/cl_arganello_interface/lib/python3.8/site-packages/cl_arganello_interface-0.0.0-py3.8.egg-info/dependency_links.txt
[24.529s] -- Installing: /home/andrea/Climb_ros2/cl_arganello_interface/install/cl_arganello_interface/lib/python3.8/site-packages/cl_arganello_interface-0.0.0-py3.8.egg-info/PKG-INFO
[24.529s] -- Installing: /home/andrea/Climb_ros2/cl_arganello_interface/install/cl_arganello_interface/lib/python3.8/site-packages/cl_arganello_interface
[24.529s] -- Installing: /home/andrea/Climb_ros2/cl_arganello_interface/install/cl_arganello_interface/lib/python3.8/site-packages/cl_arganello_interface/cl_arganello_interface_s__rosidl_typesupport_c.cpython-38-x86_64-linux-gnu.so
[24.529s] -- Installing: /home/andrea/Climb_ros2/cl_arganello_interface/install/cl_arganello_interface/lib/python3.8/site-packages/cl_arganello_interface/_cl_arganello_interface_s.ep.rosidl_typesupport_fastrtps_c.c
[24.529s] -- Installing: /home/andrea/Climb_ros2/cl_arganello_interface/install/cl_arganello_interface/lib/python3.8/site-packages/cl_arganello_interface/libcl_arganello_interface__rosidl_generator_py.so
[24.529s] -- Installing: /home/andrea/Climb_ros2/cl_arganello_interface/install/cl_arganello_interface/lib/python3.8/site-packages/cl_arganello_interface/__init__.py
[24.530s] -- Installing: /home/andrea/Climb_ros2/cl_arganello_interface/install/cl_arganello_interface/lib/python3.8/site-packages/cl_arganello_interface/cl_arganello_interface_s__rosidl_typesupport_fastrtps_c.cpython-38-x86_64-linux-gnu.so
[24.530s] -- Installing: /home/andrea/Climb_ros2/cl_arganello_interface/install/cl_arganello_interface/lib/python3.8/site-packages/cl_arganello_interface/_cl_arganello_interface_s.ep.rosidl_typesupport_c.c
[24.530s] -- Installing: /home/andrea/Climb_ros2/cl_arganello_interface/install/cl_arganello_interface/lib/python3.8/site-packages/cl_arganello_interface/_cl_arganello_interface_s.ep.rosidl_typesupport_introspection_c.c
[24.530s] -- Installing: /home/andrea/Climb_ros2/cl_arganello_interface/install/cl_arganello_interface/lib/python3.8/site-packages/cl_arganello_interface/srv
[24.530s] -- Installing: /home/andrea/Climb_ros2/cl_arganello_interface/install/cl_arganello_interface/lib/python3.8/site-packages/cl_arganello_interface/srv/_rope_control_mode_s.c
[24.530s] -- Installing: /home/andrea/Climb_ros2/cl_arganello_interface/install/cl_arganello_interface/lib/python3.8/site-packages/cl_arganello_interface/srv/__init__.py
[24.530s] -- Installing: /home/andrea/Climb_ros2/cl_arganello_interface/install/cl_arganello_interface/lib/python3.8/site-packages/cl_arganello_interface/srv/_rope_control_mode.py
[24.530s] -- Installing: /home/andrea/Climb_ros2/cl_arganello_interface/install/cl_arganello_interface/lib/python3.8/site-packages/cl_arganello_interface/msg
[24.530s] -- Installing: /home/andrea/Climb_ros2/cl_arganello_interface/install/cl_arganello_interface/lib/python3.8/site-packages/cl_arganello_interface/msg/_rope_command.py
[24.530s] -- Installing: /home/andrea/Climb_ros2/cl_arganello_interface/install/cl_arganello_interface/lib/python3.8/site-packages/cl_arganello_interface/msg/_debug_message.py
[24.530s] -- Installing: /home/andrea/Climb_ros2/cl_arganello_interface/install/cl_arganello_interface/lib/python3.8/site-packages/cl_arganello_interface/msg/__init__.py
[24.530s] -- Installing: /home/andrea/Climb_ros2/cl_arganello_interface/install/cl_arganello_interface/lib/python3.8/site-packages/cl_arganello_interface/msg/_rope_command_s.c
[24.530s] -- Installing: /home/andrea/Climb_ros2/cl_arganello_interface/install/cl_arganello_interface/lib/python3.8/site-packages/cl_arganello_interface/msg/_debug_message_s.c
[24.530s] -- Installing: /home/andrea/Climb_ros2/cl_arganello_interface/install/cl_arganello_interface/lib/python3.8/site-packages/cl_arganello_interface/msg/_rope_telemetry_s.c
[24.530s] -- Installing: /home/andrea/Climb_ros2/cl_arganello_interface/install/cl_arganello_interface/lib/python3.8/site-packages/cl_arganello_interface/msg/_rope_telemetry.py
[24.530s] -- Installing: /home/andrea/Climb_ros2/cl_arganello_interface/install/cl_arganello_interface/lib/python3.8/site-packages/cl_arganello_interface/msg/_imus_s.c
[24.530s] -- Installing: /home/andrea/Climb_ros2/cl_arganello_interface/install/cl_arganello_interface/lib/python3.8/site-packages/cl_arganello_interface/msg/_imus.py
[24.530s] -- Installing: /home/andrea/Climb_ros2/cl_arganello_interface/install/cl_arganello_interface/lib/python3.8/site-packages/cl_arganello_interface/cl_arganello_interface_s__rosidl_typesupport_introspection_c.cpython-38-x86_64-linux-gnu.so
[24.901s] Listing '/home/andrea/Climb_ros2/cl_arganello_interface/install/cl_arganello_interface/lib/python3.8/site-packages/cl_arganello_interface'...
[24.901s] Compiling '/home/andrea/Climb_ros2/cl_arganello_interface/install/cl_arganello_interface/lib/python3.8/site-packages/cl_arganello_interface/__init__.py'...
[24.901s] Listing '/home/andrea/Climb_ros2/cl_arganello_interface/install/cl_arganello_interface/lib/python3.8/site-packages/cl_arganello_interface/msg'...
[24.901s] Compiling '/home/andrea/Climb_ros2/cl_arganello_interface/install/cl_arganello_interface/lib/python3.8/site-packages/cl_arganello_interface/msg/__init__.py'...
[24.901s] Compiling '/home/andrea/Climb_ros2/cl_arganello_interface/install/cl_arganello_interface/lib/python3.8/site-packages/cl_arganello_interface/msg/_debug_message.py'...
[24.901s] Compiling '/home/andrea/Climb_ros2/cl_arganello_interface/install/cl_arganello_interface/lib/python3.8/site-packages/cl_arganello_interface/msg/_imus.py'...
[24.901s] Compiling '/home/andrea/Climb_ros2/cl_arganello_interface/install/cl_arganello_interface/lib/python3.8/site-packages/cl_arganello_interface/msg/_rope_command.py'...
[24.901s] Compiling '/home/andrea/Climb_ros2/cl_arganello_interface/install/cl_arganello_interface/lib/python3.8/site-packages/cl_arganello_interface/msg/_rope_telemetry.py'...
[24.901s] Listing '/home/andrea/Climb_ros2/cl_arganello_interface/install/cl_arganello_interface/lib/python3.8/site-packages/cl_arganello_interface/srv'...
[24.901s] Compiling '/home/andrea/Climb_ros2/cl_arganello_interface/install/cl_arganello_interface/lib/python3.8/site-packages/cl_arganello_interface/srv/__init__.py'...
[24.901s] Compiling '/home/andrea/Climb_ros2/cl_arganello_interface/install/cl_arganello_interface/lib/python3.8/site-packages/cl_arganello_interface/srv/_rope_control_mode.py'...
[24.904s] -- Installing: /home/andrea/Climb_ros2/cl_arganello_interface/install/cl_arganello_interface/lib/python3.8/site-packages/cl_arganello_interface/cl_arganello_interface_s__rosidl_typesupport_introspection_c.cpython-38-x86_64-linux-gnu.so
[24.905s] -- Set runtime path of "/home/andrea/Climb_ros2/cl_arganello_interface/install/cl_arganello_interface/lib/python3.8/site-packages/cl_arganello_interface/cl_arganello_interface_s__rosidl_typesupport_introspection_c.cpython-38-x86_64-linux-gnu.so" to ""
[24.905s] -- Installing: /home/andrea/Climb_ros2/cl_arganello_interface/install/cl_arganello_interface/lib/python3.8/site-packages/cl_arganello_interface/cl_arganello_interface_s__rosidl_typesupport_fastrtps_c.cpython-38-x86_64-linux-gnu.so
[24.905s] -- Set runtime path of "/home/andrea/Climb_ros2/cl_arganello_interface/install/cl_arganello_interface/lib/python3.8/site-packages/cl_arganello_interface/cl_arganello_interface_s__rosidl_typesupport_fastrtps_c.cpython-38-x86_64-linux-gnu.so" to ""
[24.906s] -- Installing: /home/andrea/Climb_ros2/cl_arganello_interface/install/cl_arganello_interface/lib/python3.8/site-packages/cl_arganello_interface/cl_arganello_interface_s__rosidl_typesupport_c.cpython-38-x86_64-linux-gnu.so
[24.906s] -- Set runtime path of "/home/andrea/Climb_ros2/cl_arganello_interface/install/cl_arganello_interface/lib/python3.8/site-packages/cl_arganello_interface/cl_arganello_interface_s__rosidl_typesupport_c.cpython-38-x86_64-linux-gnu.so" to ""
[24.906s] -- Installing: /home/andrea/Climb_ros2/cl_arganello_interface/install/cl_arganello_interface/lib/libcl_arganello_interface__rosidl_generator_py.so
[24.906s] -- Set runtime path of "/home/andrea/Climb_ros2/cl_arganello_interface/install/cl_arganello_interface/lib/libcl_arganello_interface__rosidl_generator_py.so" to ""
[24.906s] -- Installing: /home/andrea/Climb_ros2/cl_arganello_interface/install/cl_arganello_interface/share/ament_index/resource_index/rust_packages/cl_arganello_interface
[24.906s] -- Installing: /home/andrea/Climb_ros2/cl_arganello_interface/install/cl_arganello_interface/share/cl_arganello_interface/rust
[24.906s] -- Installing: /home/andrea/Climb_ros2/cl_arganello_interface/install/cl_arganello_interface/share/cl_arganello_interface/rust/Cargo.toml
[24.907s] -- Installing: /home/andrea/Climb_ros2/cl_arganello_interface/install/cl_arganello_interface/share/cl_arganello_interface/rust/build.rs
[24.907s] -- Installing: /home/andrea/Climb_ros2/cl_arganello_interface/install/cl_arganello_interface/share/cl_arganello_interface/rust/src
[24.907s] -- Installing: /home/andrea/Climb_ros2/cl_arganello_interface/install/cl_arganello_interface/share/cl_arganello_interface/rust/src/lib.rs
[24.907s] -- Installing: /home/andrea/Climb_ros2/cl_arganello_interface/install/cl_arganello_interface/share/cl_arganello_interface/rust/src/srv.rs
[24.907s] -- Installing: /home/andrea/Climb_ros2/cl_arganello_interface/install/cl_arganello_interface/share/cl_arganello_interface/rust/src/srv
[24.907s] -- Installing: /home/andrea/Climb_ros2/cl_arganello_interface/install/cl_arganello_interface/share/cl_arganello_interface/rust/src/srv/rmw.rs
[24.907s] -- Installing: /home/andrea/Climb_ros2/cl_arganello_interface/install/cl_arganello_interface/share/cl_arganello_interface/rust/src/msg
[24.907s] -- Installing: /home/andrea/Climb_ros2/cl_arganello_interface/install/cl_arganello_interface/share/cl_arganello_interface/rust/src/msg/rmw.rs
[24.907s] -- Installing: /home/andrea/Climb_ros2/cl_arganello_interface/install/cl_arganello_interface/share/cl_arganello_interface/rust/src/msg.rs
[24.907s] -- Installing: /home/andrea/Climb_ros2/cl_arganello_interface/install/cl_arganello_interface/share/cl_arganello_interface/srv/RopeControlMode.idl
[24.907s] -- Installing: /home/andrea/Climb_ros2/cl_arganello_interface/install/cl_arganello_interface/share/cl_arganello_interface/msg/RopeCommand.idl
[24.907s] -- Installing: /home/andrea/Climb_ros2/cl_arganello_interface/install/cl_arganello_interface/share/cl_arganello_interface/msg/RopeTelemetry.idl
[24.908s] -- Installing: /home/andrea/Climb_ros2/cl_arganello_interface/install/cl_arganello_interface/share/cl_arganello_interface/msg/DebugMessage.idl
[24.908s] -- Installing: /home/andrea/Climb_ros2/cl_arganello_interface/install/cl_arganello_interface/share/cl_arganello_interface/msg/Imus.idl
[24.908s] -- Installing: /home/andrea/Climb_ros2/cl_arganello_interface/install/cl_arganello_interface/share/cl_arganello_interface/srv/RopeControlMode.srv
[24.908s] -- Installing: /home/andrea/Climb_ros2/cl_arganello_interface/install/cl_arganello_interface/share/cl_arganello_interface/srv/RopeControlMode_Request.msg
[24.908s] -- Installing: /home/andrea/Climb_ros2/cl_arganello_interface/install/cl_arganello_interface/share/cl_arganello_interface/srv/RopeControlMode_Response.msg
[24.908s] -- Installing: /home/andrea/Climb_ros2/cl_arganello_interface/install/cl_arganello_interface/share/cl_arganello_interface/msg/RopeCommand.msg
[24.908s] -- Installing: /home/andrea/Climb_ros2/cl_arganello_interface/install/cl_arganello_interface/share/cl_arganello_interface/msg/RopeTelemetry.msg
[24.908s] -- Installing: /home/andrea/Climb_ros2/cl_arganello_interface/install/cl_arganello_interface/share/cl_arganello_interface/msg/DebugMessage.msg
[24.908s] -- Installing: /home/andrea/Climb_ros2/cl_arganello_interface/install/cl_arganello_interface/share/cl_arganello_interface/msg/Imus.msg
[24.908s] -- Installing: /home/andrea/Climb_ros2/cl_arganello_interface/install/cl_arganello_interface/lib/cl_arganello_interface/dongle_node.py
[24.908s] -- Installing: /home/andrea/Climb_ros2/cl_arganello_interface/install/cl_arganello_interface/lib/cl_arganello_interface/friction_estimator.py
[24.908s] -- Installing: /home/andrea/Climb_ros2/cl_arganello_interface/install/cl_arganello_interface/lib/cl_arganello_interface/telemetry_node.py
[24.909s] -- Installing: /home/andrea/Climb_ros2/cl_arganello_interface/install/cl_arganello_interface/lib/cl_arganello_interface/jump.py
[24.909s] -- Installing: /home/andrea/Climb_ros2/cl_arganello_interface/install/cl_arganello_interface/lib/cl_arganello_interface/alpine_odometry_node.py
[24.909s] -- Installing: /home/andrea/Climb_ros2/cl_arganello_interface/install/cl_arganello_interface/share/cl_arganello_interface//launch
[24.909s] -- Installing: /home/andrea/Climb_ros2/cl_arganello_interface/install/cl_arganello_interface/share/cl_arganello_interface//launch/alpine_low_level_bringup.launch.py
[24.909s] -- Installing: /home/andrea/Climb_ros2/cl_arganello_interface/install/cl_arganello_interface/share/cl_arganello_interface//launch/interface_launch.py
[24.910s] -- Installing: /home/andrea/Climb_ros2/cl_arganello_interface/install/cl_arganello_interface/share/ament_index/resource_index/package_run_dependencies/cl_arganello_interface
[24.910s] -- Installing: /home/andrea/Climb_ros2/cl_arganello_interface/install/cl_arganello_interface/share/ament_index/resource_index/parent_prefix_path/cl_arganello_interface
[24.910s] -- Installing: /home/andrea/Climb_ros2/cl_arganello_interface/install/cl_arganello_interface/share/cl_arganello_interface/environment/ament_prefix_path.sh
[24.910s] -- Installing: /home/andrea/Climb_ros2/cl_arganello_interface/install/cl_arganello_interface/share/cl_arganello_interface/environment/ament_prefix_path.dsv
[24.910s] -- Installing: /home/andrea/Climb_ros2/cl_arganello_interface/install/cl_arganello_interface/share/cl_arganello_interface/environment/path.sh
[24.910s] -- Installing: /home/andrea/Climb_ros2/cl_arganello_interface/install/cl_arganello_interface/share/cl_arganello_interface/environment/path.dsv
[24.910s] -- Installing: /home/andrea/Climb_ros2/cl_arganello_interface/install/cl_arganello_interface/share/cl_arganello_interface/local_setup.bash
[24.910s] -- Installing: /home/andrea/Climb_ros2/cl_arganello_interface/install/cl_arganello_interface/share/cl_arganello_interface/local_setup.sh
[24.910s] -- Installing: /home/andrea/Climb_ros2/cl_arganello_interface/install/cl_arganello_interface/share/cl_arganello_interface/local_setup.zsh
[24.910s] -- Installing: /home/andrea/Climb_ros2/cl_arganello_interface/install/cl_arganello_interface/share/cl_arganello_interface/local_setup.dsv
[24.910s] -- Installing: /home/andrea/Climb_ros2/cl_arganello_interface/install/cl_arganello_interface/share/cl_arganello_interface/package.dsv
[24.910s] -- Installing: /home/andrea/Climb_ros2/cl_arganello_interface/install/cl_arganello_interface/share/ament_index/resource_index/packages/cl_arganello_interface
[24.910s] -- Installing: /home/andrea/Climb_ros2/cl_arganello_interface/install/cl_arganello_interface/share/cl_arganello_interface/cmake/export_cl_arganello_interface__rosidl_generator_cExport.cmake
[24.910s] -- Installing: /home/andrea/Climb_ros2/cl_arganello_interface/install/cl_arganello_interface/share/cl_arganello_interface/cmake/export_cl_arganello_interface__rosidl_generator_cExport-noconfig.cmake
[24.911s] -- Installing: /home/andrea/Climb_ros2/cl_arganello_interface/install/cl_arganello_interface/share/cl_arganello_interface/cmake/export_cl_arganello_interface__rosidl_typesupport_fastrtps_cExport.cmake
[24.911s] -- Installing: /home/andrea/Climb_ros2/cl_arganello_interface/install/cl_arganello_interface/share/cl_arganello_interface/cmake/export_cl_arganello_interface__rosidl_typesupport_fastrtps_cExport-noconfig.cmake
[24.911s] -- Installing: /home/andrea/Climb_ros2/cl_arganello_interface/install/cl_arganello_interface/share/cl_arganello_interface/cmake/export_cl_arganello_interface__rosidl_generator_cppExport.cmake
[24.911s] -- Installing: /home/andrea/Climb_ros2/cl_arganello_interface/install/cl_arganello_interface/share/cl_arganello_interface/cmake/export_cl_arganello_interface__rosidl_typesupport_fastrtps_cppExport.cmake
[24.911s] -- Installing: /home/andrea/Climb_ros2/cl_arganello_interface/install/cl_arganello_interface/share/cl_arganello_interface/cmake/export_cl_arganello_interface__rosidl_typesupport_fastrtps_cppExport-noconfig.cmake
[24.911s] -- Installing: /home/andrea/Climb_ros2/cl_arganello_interface/install/cl_arganello_interface/share/cl_arganello_interface/cmake/cl_arganello_interface__rosidl_typesupport_introspection_cExport.cmake
[24.911s] -- Installing: /home/andrea/Climb_ros2/cl_arganello_interface/install/cl_arganello_interface/share/cl_arganello_interface/cmake/cl_arganello_interface__rosidl_typesupport_introspection_cExport-noconfig.cmake
[24.911s] -- Installing: /home/andrea/Climb_ros2/cl_arganello_interface/install/cl_arganello_interface/share/cl_arganello_interface/cmake/cl_arganello_interface__rosidl_typesupport_cExport.cmake
[24.911s] -- Installing: /home/andrea/Climb_ros2/cl_arganello_interface/install/cl_arganello_interface/share/cl_arganello_interface/cmake/cl_arganello_interface__rosidl_typesupport_cExport-noconfig.cmake
[24.911s] -- Installing: /home/andrea/Climb_ros2/cl_arganello_interface/install/cl_arganello_interface/share/cl_arganello_interface/cmake/cl_arganello_interface__rosidl_typesupport_introspection_cppExport.cmake
[24.912s] -- Installing: /home/andrea/Climb_ros2/cl_arganello_interface/install/cl_arganello_interface/share/cl_arganello_interface/cmake/cl_arganello_interface__rosidl_typesupport_introspection_cppExport-noconfig.cmake
[24.912s] -- Installing: /home/andrea/Climb_ros2/cl_arganello_interface/install/cl_arganello_interface/share/cl_arganello_interface/cmake/cl_arganello_interface__rosidl_typesupport_cppExport.cmake
[24.912s] -- Installing: /home/andrea/Climb_ros2/cl_arganello_interface/install/cl_arganello_interface/share/cl_arganello_interface/cmake/cl_arganello_interface__rosidl_typesupport_cppExport-noconfig.cmake
[24.912s] -- Installing: /home/andrea/Climb_ros2/cl_arganello_interface/install/cl_arganello_interface/share/cl_arganello_interface/cmake/export_cl_arganello_interface__rosidl_generator_pyExport.cmake
[24.912s] -- Installing: /home/andrea/Climb_ros2/cl_arganello_interface/install/cl_arganello_interface/share/cl_arganello_interface/cmake/export_cl_arganello_interface__rosidl_generator_pyExport-noconfig.cmake
[24.912s] -- Installing: /home/andrea/Climb_ros2/cl_arganello_interface/install/cl_arganello_interface/share/cl_arganello_interface/cmake/rosidl_cmake-extras.cmake
[24.912s] -- Installing: /home/andrea/Climb_ros2/cl_arganello_interface/install/cl_arganello_interface/share/cl_arganello_interface/cmake/ament_cmake_export_dependencies-extras.cmake
[24.912s] -- Installing: /home/andrea/Climb_ros2/cl_arganello_interface/install/cl_arganello_interface/share/cl_arganello_interface/cmake/ament_cmake_export_include_directories-extras.cmake
[24.912s] -- Installing: /home/andrea/Climb_ros2/cl_arganello_interface/install/cl_arganello_interface/share/cl_arganello_interface/cmake/ament_cmake_export_libraries-extras.cmake
[24.912s] -- Installing: /home/andrea/Climb_ros2/cl_arganello_interface/install/cl_arganello_interface/share/cl_arganello_interface/cmake/ament_cmake_export_targets-extras.cmake
[24.912s] -- Installing: /home/andrea/Climb_ros2/cl_arganello_interface/install/cl_arganello_interface/share/cl_arganello_interface/cmake/rosidl_cmake_export_typesupport_targets-extras.cmake
[24.912s] -- Installing: /home/andrea/Climb_ros2/cl_arganello_interface/install/cl_arganello_interface/share/cl_arganello_interface/cmake/rosidl_cmake_export_typesupport_libraries-extras.cmake
[24.912s] -- Installing: /home/andrea/Climb_ros2/cl_arganello_interface/install/cl_arganello_interface/share/cl_arganello_interface/cmake/rosidl_cmake_aggregate_target-extras.cmake
[24.913s] -- Installing: /home/andrea/Climb_ros2/cl_arganello_interface/install/cl_arganello_interface/share/cl_arganello_interface/cmake/cl_arganello_interfaceConfig.cmake
[24.913s] -- Installing: /home/andrea/Climb_ros2/cl_arganello_interface/install/cl_arganello_interface/share/cl_arganello_interface/cmake/cl_arganello_interfaceConfig-version.cmake
[24.913s] -- Installing: /home/andrea/Climb_ros2/cl_arganello_interface/install/cl_arganello_interface/share/cl_arganello_interface/package.xml
[24.914s] Invoked command in '/home/andrea/Climb_ros2/cl_arganello_interface/build/cl_arganello_interface' returned '0': CMAKE_PREFIX_PATH=${CMAKE_PREFIX_PATH}:/home/andrea/ros2_humble/install/rqt_bag_plugins:/home/andrea/ros2_humble/install/rqt_bag:/home/andrea/ros2_humble/install/launch_testing_examples:/home/andrea/ros2_humble/install/ros2bag:/home/andrea/ros2_humble/install/tracetools_test:/home/andrea/ros2_humble/install/tracetools_launch:/home/andrea/ros2_humble/install/topic_monitor:/home/andrea/ros2_humble/install/tf2_tools:/home/andrea/ros2_humble/install/examples_tf2_py:/home/andrea/ros2_humble/install/tf2_ros_py:/home/andrea/ros2_humble/install/sros2:/home/andrea/ros2_humble/install/rqt_topic:/home/andrea/ros2_humble/install/rqt_srv:/home/andrea/ros2_humble/install/rqt_shell:/home/andrea/ros2_humble/install/rqt_service_caller:/home/andrea/ros2_humble/install/rqt_reconfigure:/home/andrea/ros2_humble/install/rqt_py_console:/home/andrea/ros2_humble/install/rqt_publisher:/home/andrea/ros2_humble/install/rqt_plot:/home/andrea/ros2_humble/install/rqt_action:/home/andrea/ros2_humble/install/rqt_msg:/home/andrea/ros2_humble/install/rqt_console:/home/andrea/ros2_humble/install/rqt:/home/andrea/ros2_humble/install/rqt_graph:/home/andrea/ros2_humble/install/rqt_gui_py:/home/andrea/ros2_humble/install/rqt_gui:/home/andrea/ros2_humble/install/ros2trace:/home/andrea/ros2_humble/install/ros2topic:/home/andrea/ros2_humble/install/ros2test:/home/andrea/ros2_humble/install/ros2component:/home/andrea/ros2_humble/install/ros2param:/home/andrea/ros2_humble/install/ros2lifecycle:/home/andrea/ros2_humble/install/ros2service:/home/andrea/ros2_humble/install/ros2run:/home/andrea/ros2_humble/install/ros2plugin:/home/andrea/ros2_humble/install/ros2launch:/home/andrea/ros2_humble/install/ros2pkg:/home/andrea/ros2_humble/install/ros2node:/home/andrea/ros2_humble/install/ros2multicast:/home/andrea/ros2_humble/install/ros2interface:/home/andrea/ros2_humble/install/ros2doctor:/home/andrea/ros2_humble/install/ros2action:/home/andrea/ros2_humble/install/ros2cli:/home/andrea/ros2_humble/install/quality_of_service_demo_py:/home/andrea/ros2_humble/install/lifecycle_py:/home/andrea/ros2_humble/install/launch_testing_ros:/home/andrea/ros2_humble/install/launch_ros:/home/andrea/ros2_humble/install/examples_rclpy_pointcloud_publisher:/home/andrea/ros2_humble/install/examples_rclpy_minimal_subscriber:/home/andrea/ros2_humble/install/examples_rclpy_minimal_service:/home/andrea/ros2_humble/install/examples_rclpy_minimal_publisher:/home/andrea/ros2_humble/install/examples_rclpy_minimal_client:/home/andrea/ros2_humble/install/examples_rclpy_minimal_action_server:/home/andrea/ros2_humble/install/examples_rclpy_minimal_action_client:/home/andrea/ros2_humble/install/examples_rclpy_guard_conditions:/home/andrea/ros2_humble/install/examples_rclpy_executors:/home/andrea/ros2_humble/install/demo_nodes_py:/home/andrea/ros2_humble/install/camera_info_manager_py:/home/andrea/ros2_humble/install/action_tutorials_py:/home/andrea/ros2_humble/install/ament_uncrustify:/home/andrea/ros2_humble/install/tracetools_trace:/home/andrea/ros2_humble/install/tracetools_read:/home/andrea/ros2_humble/install/test_tracetools_launch:/home/andrea/ros2_humble/install/test_launch_ros:/home/andrea/ros2_humble/install/sensor_msgs_py:/home/andrea/ros2_humble/install/rpyutils:/home/andrea/ros2_humble/install/rosidl_runtime_py:/home/andrea/ros2_humble/install/rosidl_cli:/home/andrea/ros2_humble/install/launch_pytest:/home/andrea/ros2_humble/install/launch_testing:/home/andrea/ros2_humble/install/launch_yaml:/home/andrea/ros2_humble/install/launch_xml:/home/andrea/ros2_humble/install/launch:/home/andrea/ros2_humble/install/osrf_pycommon:/home/andrea/ros2_humble/install/domain_coordinator:/home/andrea/ros2_humble/install/ament_xmllint:/home/andrea/ros2_humble/install/ament_pyflakes:/home/andrea/ros2_humble/install/ament_pycodestyle:/home/andrea/ros2_humble/install/ament_pep257:/home/andrea/ros2_humble/install/ament_pclint:/home/andrea/ros2_humble/install/ament_package:/home/andrea/ros2_humble/install/ament_mypy:/home/andrea/ros2_humble/install/ament_lint_cmake:/home/andrea/ros2_humble/install/ament_flake8:/home/andrea/ros2_humble/install/ament_copyright:/home/andrea/ros2_humble/install/ament_lint:/home/andrea/ros2_humble/install/ament_index_python:/home/andrea/ros2_humble/install/ament_cpplint:/home/andrea/ros2_humble/install/ament_cppcheck:/home/andrea/ros2_humble/install/ament_clang_tidy:/home/andrea/ros2_humble/install/ament_clang_format /usr/bin/cmake --install /home/andrea/Climb_ros2/cl_arganello_interface/build/cl_arganello_interface
