[0.197s] DEBUG:colcon:Command line arguments: ['/usr/bin/colcon', 'build', '--packages-select', 'cl_arganello_interface']
[0.198s] DEBUG:colcon:Parsed command line arguments: Namespace(allow_overriding=[], ament_cmake_args=None, base_paths=['.'], build_base='build', catkin_cmake_args=None, catkin_skip_building_tests=False, cmake_args=None, cmake_clean_cache=False, cmake_clean_first=False, cmake_force_configure=False, cmake_target=None, cmake_target_skip_unavailable=False, continue_on_error=False, event_handlers=None, executor='parallel', ignore_user_meta=False, install_base='install', log_base=None, log_level=None, main=<bound method BuildVerb.main of <colcon_core.verb.build.BuildVerb object at 0x7f90c9bffb80>>, merge_install=False, metas=['./colcon.meta'], packages_above=None, packages_above_and_dependencies=None, packages_above_depth=None, packages_end=None, packages_ignore=None, packages_ignore_regex=None, packages_select=['cl_arganello_interface'], packages_select_build_failed=False, packages_select_by_dep=None, packages_select_regex=None, packages_select_test_failures=False, packages_skip=None, packages_skip_build_finished=False, packages_skip_by_dep=None, packages_skip_regex=None, packages_skip_test_passed=False, packages_skip_up_to=None, packages_start=None, packages_up_to=None, packages_up_to_regex=None, parallel_workers=8, paths=None, symlink_install=False, test_result_base=None, verb_extension=<colcon_core.verb.build.BuildVerb object at 0x7f90c9bffb80>, verb_name='build', verb_parser=<colcon_defaults.argument_parser.defaults.DefaultArgumentsDecorator object at 0x7f90c9b59070>)
[0.291s] Level 1:colcon.colcon_core.package_discovery:discover_packages(colcon_meta) check parameters
[0.291s] Level 1:colcon.colcon_core.package_discovery:discover_packages(recursive) check parameters
[0.291s] Level 1:colcon.colcon_core.package_discovery:discover_packages(ignore) check parameters
[0.291s] Level 1:colcon.colcon_core.package_discovery:discover_packages(path) check parameters
[0.291s] Level 1:colcon.colcon_core.package_discovery:discover_packages(colcon_meta) discover
[0.291s] Level 1:colcon.colcon_core.package_discovery:discover_packages(recursive) discover
[0.291s] INFO:colcon.colcon_core.package_discovery:Crawling recursively for packages in '/home/andrea/Climb_ros2/cl_arganello_interface'
[0.291s] Level 1:colcon.colcon_core.package_identification:_identify(.) by extensions ['ignore', 'ignore_ament_install']
[0.291s] Level 1:colcon.colcon_core.package_identification:_identify(.) by extension 'ignore'
[0.291s] Level 1:colcon.colcon_core.package_identification:_identify(.) by extension 'ignore_ament_install'
[0.291s] Level 1:colcon.colcon_core.package_identification:_identify(.) by extensions ['colcon_pkg']
[0.291s] Level 1:colcon.colcon_core.package_identification:_identify(.) by extension 'colcon_pkg'
[0.291s] Level 1:colcon.colcon_core.package_identification:_identify(.) by extensions ['colcon_meta']
[0.291s] Level 1:colcon.colcon_core.package_identification:_identify(.) by extension 'colcon_meta'
[0.291s] Level 1:colcon.colcon_core.package_identification:_identify(.) by extensions ['ros']
[0.291s] Level 1:colcon.colcon_core.package_identification:_identify(.) by extension 'ros'
[0.302s] DEBUG:colcon.colcon_core.package_identification:Package '.' with type 'ros.ament_cmake' and name 'cl_arganello_interface'
[0.302s] Level 1:colcon.colcon_core.package_discovery:discover_packages(recursive) using defaults
[0.302s] Level 1:colcon.colcon_core.package_discovery:discover_packages(ignore) discover
[0.302s] Level 1:colcon.colcon_core.package_discovery:discover_packages(ignore) using defaults
[0.302s] Level 1:colcon.colcon_core.package_discovery:discover_packages(path) discover
[0.302s] Level 1:colcon.colcon_core.package_discovery:discover_packages(path) using defaults
[0.320s] Level 1:colcon.colcon_core.package_discovery:discover_packages(prefix_path) check parameters
[0.320s] Level 1:colcon.colcon_core.package_discovery:discover_packages(prefix_path) discover
[0.322s] Level 1:colcon.colcon_core.package_discovery:discover_packages(prefix_path) using defaults
[0.323s] Level 5:colcon.colcon_core.verb:set package 'cl_arganello_interface' build argument 'cmake_args' from command line to 'None'
[0.323s] Level 5:colcon.colcon_core.verb:set package 'cl_arganello_interface' build argument 'cmake_target' from command line to 'None'
[0.323s] Level 5:colcon.colcon_core.verb:set package 'cl_arganello_interface' build argument 'cmake_target_skip_unavailable' from command line to 'False'
[0.323s] Level 5:colcon.colcon_core.verb:set package 'cl_arganello_interface' build argument 'cmake_clean_cache' from command line to 'False'
[0.323s] Level 5:colcon.colcon_core.verb:set package 'cl_arganello_interface' build argument 'cmake_clean_first' from command line to 'False'
[0.323s] Level 5:colcon.colcon_core.verb:set package 'cl_arganello_interface' build argument 'cmake_force_configure' from command line to 'False'
[0.323s] Level 5:colcon.colcon_core.verb:set package 'cl_arganello_interface' build argument 'ament_cmake_args' from command line to 'None'
[0.323s] Level 5:colcon.colcon_core.verb:set package 'cl_arganello_interface' build argument 'catkin_cmake_args' from command line to 'None'
[0.323s] Level 5:colcon.colcon_core.verb:set package 'cl_arganello_interface' build argument 'catkin_skip_building_tests' from command line to 'False'
[0.323s] DEBUG:colcon.colcon_core.verb:Building package 'cl_arganello_interface' with the following arguments: {'ament_cmake_args': None, 'build_base': '/home/andrea/Climb_ros2/cl_arganello_interface/build/cl_arganello_interface', 'catkin_cmake_args': None, 'catkin_skip_building_tests': False, 'cmake_args': None, 'cmake_clean_cache': False, 'cmake_clean_first': False, 'cmake_force_configure': False, 'cmake_target': None, 'cmake_target_skip_unavailable': False, 'install_base': '/home/andrea/Climb_ros2/cl_arganello_interface/install/cl_arganello_interface', 'merge_install': False, 'path': '/home/andrea/Climb_ros2/cl_arganello_interface', 'symlink_install': False, 'test_result_base': None}
[0.323s] INFO:colcon.colcon_core.executor:Executing jobs using 'parallel' executor
[0.324s] DEBUG:colcon.colcon_parallel_executor.executor.parallel:run_until_complete
[0.324s] INFO:colcon.colcon_ros.task.ament_cmake.build:Building ROS package in '/home/andrea/Climb_ros2/cl_arganello_interface' with build type 'ament_cmake'
[0.324s] INFO:colcon.colcon_cmake.task.cmake.build:Building CMake package in '/home/andrea/Climb_ros2/cl_arganello_interface'
[0.327s] INFO:colcon.colcon_core.plugin_system:Skipping extension 'colcon_core.shell.bat': Not used on non-Windows systems
[0.327s] INFO:colcon.colcon_core.shell:Skip shell extension 'powershell' for command environment: Not usable outside of PowerShell
[0.327s] DEBUG:colcon.colcon_core.shell:Skip shell extension 'dsv' for command environment
[0.331s] DEBUG:colcon.colcon_core.event_handler.log_command:Invoking command in '/home/andrea/Climb_ros2/cl_arganello_interface/build/cl_arganello_interface': /usr/bin/cmake /home/andrea/Climb_ros2/cl_arganello_interface -DCMAKE_INSTALL_PREFIX=/home/andrea/Climb_ros2/cl_arganello_interface/install/cl_arganello_interface
[0.877s] DEBUG:colcon.colcon_core.event_handler.log_command:Invoked command in '/home/andrea/Climb_ros2/cl_arganello_interface/build/cl_arganello_interface' returned '1': /usr/bin/cmake /home/andrea/Climb_ros2/cl_arganello_interface -DCMAKE_INSTALL_PREFIX=/home/andrea/Climb_ros2/cl_arganello_interface/install/cl_arganello_interface
[0.885s] Level 1:colcon.colcon_core.environment:create_environment_scripts_only(cl_arganello_interface)
[0.889s] Level 1:colcon.colcon_core.environment:checking '/home/andrea/Climb_ros2/cl_arganello_interface/install/cl_arganello_interface' for CMake module files
[0.889s] Level 1:colcon.colcon_core.environment:checking '/home/andrea/Climb_ros2/cl_arganello_interface/install/cl_arganello_interface' for CMake config files
[0.890s] Level 1:colcon.colcon_core.environment:checking '/home/andrea/Climb_ros2/cl_arganello_interface/install/cl_arganello_interface/bin'
[0.890s] Level 1:colcon.colcon_core.environment:checking '/home/andrea/Climb_ros2/cl_arganello_interface/install/cl_arganello_interface/lib/pkgconfig/cl_arganello_interface.pc'
[0.890s] Level 1:colcon.colcon_core.environment:checking '/home/andrea/Climb_ros2/cl_arganello_interface/install/cl_arganello_interface/lib/python3.8/site-packages'
[0.890s] Level 1:colcon.colcon_core.environment:checking '/home/andrea/Climb_ros2/cl_arganello_interface/install/cl_arganello_interface/bin'
[0.891s] INFO:colcon.colcon_core.shell:Creating package script '/home/andrea/Climb_ros2/cl_arganello_interface/install/cl_arganello_interface/share/cl_arganello_interface/package.ps1'
[0.891s] INFO:colcon.colcon_core.shell:Creating package descriptor '/home/andrea/Climb_ros2/cl_arganello_interface/install/cl_arganello_interface/share/cl_arganello_interface/package.dsv'
[0.892s] INFO:colcon.colcon_core.shell:Creating package script '/home/andrea/Climb_ros2/cl_arganello_interface/install/cl_arganello_interface/share/cl_arganello_interface/package.sh'
[0.893s] INFO:colcon.colcon_core.shell:Creating package script '/home/andrea/Climb_ros2/cl_arganello_interface/install/cl_arganello_interface/share/cl_arganello_interface/package.bash'
[0.893s] INFO:colcon.colcon_core.shell:Creating package script '/home/andrea/Climb_ros2/cl_arganello_interface/install/cl_arganello_interface/share/cl_arganello_interface/package.zsh'
[0.894s] Level 1:colcon.colcon_core.environment:create_file_with_runtime_dependencies(/home/andrea/Climb_ros2/cl_arganello_interface/install/cl_arganello_interface/share/colcon-core/packages/cl_arganello_interface)
[0.905s] DEBUG:colcon.colcon_parallel_executor.executor.parallel:closing loop
[0.905s] DEBUG:colcon.colcon_parallel_executor.executor.parallel:loop closed
[0.905s] DEBUG:colcon.colcon_parallel_executor.executor.parallel:run_until_complete finished with '1'
[0.905s] DEBUG:colcon.colcon_core.event_reactor:joining thread
[0.914s] INFO:colcon.colcon_core.plugin_system:Skipping extension 'colcon_notification.desktop_notification.terminal_notifier': Not used on non-Darwin systems
[0.915s] INFO:colcon.colcon_core.plugin_system:Skipping extension 'colcon_notification.desktop_notification.win32': Not used on non-Windows systems
[0.915s] INFO:colcon.colcon_notification.desktop_notification:Sending desktop notification using 'notify2'
[0.937s] DEBUG:colcon.colcon_core.event_reactor:joined thread
[0.937s] INFO:colcon.colcon_core.shell:Creating prefix script '/home/andrea/Climb_ros2/cl_arganello_interface/install/local_setup.ps1'
[0.939s] INFO:colcon.colcon_core.shell:Creating prefix util module '/home/andrea/Climb_ros2/cl_arganello_interface/install/_local_setup_util_ps1.py'
[0.940s] INFO:colcon.colcon_core.shell:Creating prefix chain script '/home/andrea/Climb_ros2/cl_arganello_interface/install/setup.ps1'
[0.940s] INFO:colcon.colcon_core.shell:Creating prefix script '/home/andrea/Climb_ros2/cl_arganello_interface/install/local_setup.sh'
[0.941s] INFO:colcon.colcon_core.shell:Creating prefix util module '/home/andrea/Climb_ros2/cl_arganello_interface/install/_local_setup_util_sh.py'
[0.941s] INFO:colcon.colcon_core.shell:Creating prefix chain script '/home/andrea/Climb_ros2/cl_arganello_interface/install/setup.sh'
[0.943s] INFO:colcon.colcon_core.shell:Creating prefix script '/home/andrea/Climb_ros2/cl_arganello_interface/install/local_setup.bash'
[0.943s] INFO:colcon.colcon_core.shell:Creating prefix chain script '/home/andrea/Climb_ros2/cl_arganello_interface/install/setup.bash'
[0.944s] INFO:colcon.colcon_core.shell:Creating prefix script '/home/andrea/Climb_ros2/cl_arganello_interface/install/local_setup.zsh'
[0.944s] INFO:colcon.colcon_core.shell:Creating prefix chain script '/home/andrea/Climb_ros2/cl_arganello_interface/install/setup.zsh'
